Origin framework initialization on 2020-10-19 
Origin initialize ...
[2020-10-19 15:35:00] directory：D:\Program_Files(Work)\Php\origin_framework\application, created...[complete]
[2020-10-19 15:35:00] directory：D:\Program_Files(Work)\Php\origin_framework\application/common, created...[complete]
[2020-10-19 15:35:00] directory：D:\Program_Files(Work)\Php\origin_framework\common, created...
[2020-10-19 15:35:00] directory：D:\Program_Files(Work)\Php\origin_framework\common/config, created...[complete]
[2020-10-19 15:35:00] directory：D:\Program_Files(Work)\Php\origin_framework\common/log, created...
[2020-10-19 15:35:00] directory：D:\Program_Files(Work)\Php\origin_framework\application/home, created...[complete]
[2020-10-19 15:35:00] directory：D:\Program_Files(Work)\Php\origin_framework\application/home/common, created...[complete]
[2020-10-19 15:35:00] directory：D:\Program_Files(Work)\Php\origin_framework\application/home/classes, created...[complete]
[2020-10-19 15:35:00] directory：D:\Program_Files(Work)\Php\origin_framework\application/home/template, created...[complete]
[2020-10-19 15:35:00] directory：D:\Program_Files(Work)\Php\origin_framework\application/home/template/index, created...[complete]
[2020-10-19 15:35:00] directory：D:\Program_Files(Work)\Php\origin_framework\resource, created...[complete]
[2020-10-19 15:35:00] directory：D:\Program_Files(Work)\Php\origin_framework\resource\public, created...[complete]
[2020-10-19 15:35:00] directory：D:\Program_Files(Work)\Php\origin_framework\resource\public/font, created...[complete]
[2020-10-19 15:35:00] directory：D:\Program_Files(Work)\Php\origin_framework\resource\public/temp, created...[complete]
[2020-10-19 15:35:00] directory：D:\Program_Files(Work)\Php\origin_framework\resource\upload, created...[complete]
[2020-10-19 15:35:00] directory：D:\Program_Files(Work)\Php\origin_framework\resource\buffer, created...[complete]
[2020-10-19 15:35:00] file：common/public.php, copy...[complete]
[2020-10-19 15:35:00] file：common/public.php, changed limit ...[complete]
[2020-10-19 15:35:00] file：home/common/public.php, copy...[complete]
[2020-10-19 15:35:00] file：home/common/public.php, changed limit ...[complete]
[2020-10-19 15:35:00] file：home/classes/Index.php, copy...[complete]
[2020-10-19 15:35:00] file：home/classes/Index.php, changed limit ...[complete]
[2020-10-19 15:35:00] file：home/template/index/index.html, copy...[complete]
[2020-10-19 15:35:00] file：home/template/index/index.html, changed limit ...[complete]
[2020-10-19 15:35:00] file：config/config.php, copy...[complete]
[2020-10-19 15:35:00] file：config/config.php, changed limit...[failed]
[2020-10-19 15:35:00] file：config/route.php, copy...[complete]
[2020-10-19 15:35:00] file：config/route.php, changed limit...[failed]
[2020-10-19 15:35:00] file：font/origin001.ttf, copy...[complete]
[2020-10-19 15:35:00] file：font/origin001.ttf, changed limit...[failed]
Initialization complete, thank you for use Origin framework ... :P
