::1 - - [19/May/2018:23:03:38 +0800] "GET / HTTP/1.1" 200 1546
::1 - - [19/May/2018:23:03:38 +0800] "GET /favicon.ico HTTP/1.1" 200 47
::1 - - [19/May/2018:23:04:38 +0800] "-" 408 -
::1 - - [19/May/2018:23:51:01 +0800] "GET / HTTP/1.1" 200 1546
::1 - - [19/May/2018:23:51:01 +0800] "GET /favicon.ico HTTP/1.1" 200 47
::1 - - [20/May/2018:00:09:42 +0800] "GET / HTTP/1.1" 200 884
::1 - - [20/May/2018:00:09:42 +0800] "GET /favicon.ico HTTP/1.1" 200 47
::1 - - [20/May/2018:00:09:43 +0800] "GET / HTTP/1.1" 200 884
::1 - - [20/May/2018:00:09:43 +0800] "GET /favicon.ico HTTP/1.1" 200 47
::1 - - [20/May/2018:00:10:08 +0800] "GET / HTTP/1.1" 200 82
::1 - - [20/May/2018:00:10:08 +0800] "GET /favicon.ico HTTP/1.1" 200 47
::1 - - [20/May/2018:00:10:50 +0800] "GET / HTTP/1.1" 200 82
::1 - - [20/May/2018:00:10:50 +0800] "GET /favicon.ico HTTP/1.1" 200 47
::1 - - [20/May/2018:00:11:11 +0800] "GET / HTTP/1.1" 200 -
::1 - - [20/May/2018:00:11:11 +0800] "GET /favicon.ico HTTP/1.1" 200 47
::1 - - [20/May/2018:00:11:12 +0800] "GET / HTTP/1.1" 200 -
::1 - - [20/May/2018:00:11:12 +0800] "GET /favicon.ico HTTP/1.1" 200 47
::1 - - [20/May/2018:00:11:12 +0800] "GET / HTTP/1.1" 200 -
::1 - - [20/May/2018:00:11:12 +0800] "GET /favicon.ico HTTP/1.1" 200 47
::1 - - [20/May/2018:00:11:18 +0800] "GET / HTTP/1.1" 200 3
::1 - - [20/May/2018:00:11:19 +0800] "GET /favicon.ico HTTP/1.1" 200 47
::1 - - [20/May/2018:00:11:51 +0800] "GET / HTTP/1.1" 200 -
::1 - - [20/May/2018:00:11:51 +0800] "GET /favicon.ico HTTP/1.1" 200 47
::1 - - [20/May/2018:00:11:52 +0800] "GET / HTTP/1.1" 200 -
::1 - - [20/May/2018:00:11:52 +0800] "GET /favicon.ico HTTP/1.1" 200 47
::1 - - [20/May/2018:00:11:52 +0800] "GET / HTTP/1.1" 200 -
::1 - - [20/May/2018:00:11:52 +0800] "GET /favicon.ico HTTP/1.1" 200 47
::1 - - [20/May/2018:00:11:53 +0800] "GET /favicon.ico HTTP/1.1" 200 47
::1 - - [20/May/2018:00:12:51 +0800] "-" 408 -
::1 - - [20/May/2018:00:16:43 +0800] "GET / HTTP/1.1" 200 -
::1 - - [20/May/2018:00:16:43 +0800] "GET /favicon.ico HTTP/1.1" 200 47
::1 - - [20/May/2018:00:16:44 +0800] "GET / HTTP/1.1" 200 -
::1 - - [20/May/2018:00:16:44 +0800] "GET /favicon.ico HTTP/1.1" 200 47
::1 - - [20/May/2018:00:16:51 +0800] "GET / HTTP/1.1" 200 1546
::1 - - [20/May/2018:00:16:51 +0800] "GET /favicon.ico HTTP/1.1" 200 47
::1 - - [20/May/2018:00:17:43 +0800] "-" 408 -
::1 - - [20/May/2018:00:17:51 +0800] "-" 408 -
::1 - - [20/May/2018:00:32:09 +0800] "GET / HTTP/1.1" 200 82
::1 - - [20/May/2018:00:32:09 +0800] "GET /favicon.ico HTTP/1.1" 200 47
::1 - - [20/May/2018:00:32:10 +0800] "GET / HTTP/1.1" 200 82
::1 - - [20/May/2018:00:32:10 +0800] "GET /favicon.ico HTTP/1.1" 200 47
::1 - - [20/May/2018:00:33:04 +0800] "GET / HTTP/1.1" 200 82
::1 - - [20/May/2018:00:33:04 +0800] "GET /favicon.ico HTTP/1.1" 200 47
::1 - - [20/May/2018:00:33:05 +0800] "GET / HTTP/1.1" 200 82
::1 - - [20/May/2018:00:33:05 +0800] "GET /favicon.ico HTTP/1.1" 200 47
::1 - - [20/May/2018:00:33:05 +0800] "GET / HTTP/1.1" 200 82
::1 - - [20/May/2018:00:33:05 +0800] "GET /favicon.ico HTTP/1.1" 200 47
::1 - - [20/May/2018:00:33:05 +0800] "GET / HTTP/1.1" 200 82
::1 - - [20/May/2018:00:33:05 +0800] "GET /favicon.ico HTTP/1.1" 200 47
::1 - - [20/May/2018:00:33:05 +0800] "GET / HTTP/1.1" 200 82
::1 - - [20/May/2018:00:33:06 +0800] "GET /favicon.ico HTTP/1.1" 200 47
::1 - - [20/May/2018:00:33:06 +0800] "GET / HTTP/1.1" 200 82
::1 - - [20/May/2018:00:33:06 +0800] "GET /favicon.ico HTTP/1.1" 200 47
::1 - - [20/May/2018:00:34:04 +0800] "-" 408 -
::1 - - [20/May/2018:00:34:04 +0800] "-" 408 -
::1 - - [20/May/2018:00:35:00 +0800] "GET / HTTP/1.1" 200 82
::1 - - [20/May/2018:00:35:00 +0800] "GET /favicon.ico HTTP/1.1" 200 47
::1 - - [20/May/2018:00:36:00 +0800] "-" 408 -
::1 - - [20/May/2018:00:36:00 +0800] "-" 408 -
::1 - - [20/May/2018:00:39:18 +0800] "GET / HTTP/1.1" 200 137
::1 - - [20/May/2018:00:39:18 +0800] "GET /favicon.ico HTTP/1.1" 200 47
::1 - - [20/May/2018:00:40:18 +0800] "-" 408 -
::1 - - [20/May/2018:00:40:18 +0800] "-" 408 -
::1 - - [20/May/2018:00:41:08 +0800] "GET / HTTP/1.1" 200 148
::1 - - [20/May/2018:00:41:08 +0800] "GET /favicon.ico HTTP/1.1" 200 47
::1 - - [20/May/2018:00:42:00 +0800] "GET / HTTP/1.1" 200 148
::1 - - [20/May/2018:00:42:00 +0800] "GET /favicon.ico HTTP/1.1" 200 47
::1 - - [20/May/2018:00:42:00 +0800] "GET / HTTP/1.1" 200 148
::1 - - [20/May/2018:00:42:00 +0800] "GET /favicon.ico HTTP/1.1" 200 47
::1 - - [20/May/2018:00:42:00 +0800] "GET / HTTP/1.1" 200 148
::1 - - [20/May/2018:00:42:01 +0800] "GET /favicon.ico HTTP/1.1" 200 47
::1 - - [20/May/2018:00:42:01 +0800] "GET / HTTP/1.1" 200 148
::1 - - [20/May/2018:00:42:01 +0800] "GET /favicon.ico HTTP/1.1" 200 47
::1 - - [20/May/2018:00:42:01 +0800] "GET / HTTP/1.1" 200 148
::1 - - [20/May/2018:00:42:01 +0800] "GET /favicon.ico HTTP/1.1" 200 47
::1 - - [20/May/2018:00:42:01 +0800] "GET / HTTP/1.1" 200 148
::1 - - [20/May/2018:00:42:01 +0800] "GET /favicon.ico HTTP/1.1" 200 47
::1 - - [20/May/2018:00:42:01 +0800] "GET / HTTP/1.1" 200 148
::1 - - [20/May/2018:00:42:01 +0800] "GET /favicon.ico HTTP/1.1" 200 47
::1 - - [20/May/2018:00:42:05 +0800] "GET / HTTP/1.1" 200 137
::1 - - [20/May/2018:00:42:05 +0800] "GET /favicon.ico HTTP/1.1" 200 47
::1 - - [20/May/2018:00:42:05 +0800] "GET / HTTP/1.1" 200 137
::1 - - [20/May/2018:00:42:06 +0800] "GET /favicon.ico HTTP/1.1" 200 47
::1 - - [20/May/2018:00:42:34 +0800] "GET / HTTP/1.1" 200 97
::1 - - [20/May/2018:00:42:34 +0800] "GET /favicon.ico HTTP/1.1" 200 47
::1 - - [20/May/2018:00:42:35 +0800] "GET / HTTP/1.1" 200 97
::1 - - [20/May/2018:00:42:35 +0800] "GET /favicon.ico HTTP/1.1" 200 47
::1 - - [20/May/2018:00:42:35 +0800] "GET / HTTP/1.1" 200 97
::1 - - [20/May/2018:00:42:35 +0800] "GET /favicon.ico HTTP/1.1" 200 47
::1 - - [20/May/2018:00:42:35 +0800] "GET / HTTP/1.1" 200 97
::1 - - [20/May/2018:00:42:35 +0800] "GET /favicon.ico HTTP/1.1" 200 47
::1 - - [20/May/2018:00:43:34 +0800] "-" 408 -
::1 - - [20/May/2018:00:43:34 +0800] "-" 408 -
::1 - - [20/May/2018:00:43:37 +0800] "GET / HTTP/1.1" 200 102
::1 - - [20/May/2018:00:43:37 +0800] "GET /favicon.ico HTTP/1.1" 200 47
::1 - - [20/May/2018:00:43:38 +0800] "GET / HTTP/1.1" 200 102
::1 - - [20/May/2018:00:43:38 +0800] "GET /favicon.ico HTTP/1.1" 200 47
::1 - - [20/May/2018:00:43:51 +0800] "GET / HTTP/1.1" 200 102
::1 - - [20/May/2018:00:43:51 +0800] "GET /favicon.ico HTTP/1.1" 200 47
::1 - - [20/May/2018:00:43:51 +0800] "GET / HTTP/1.1" 200 102
::1 - - [20/May/2018:00:43:51 +0800] "GET /favicon.ico HTTP/1.1" 200 47
::1 - - [20/May/2018:00:43:51 +0800] "GET / HTTP/1.1" 200 102
::1 - - [20/May/2018:00:43:51 +0800] "GET /favicon.ico HTTP/1.1" 200 47
::1 - - [20/May/2018:00:44:19 +0800] "GET / HTTP/1.1" 200 97
::1 - - [20/May/2018:00:44:20 +0800] "GET /favicon.ico HTTP/1.1" 200 47
::1 - - [20/May/2018:00:45:02 +0800] "GET / HTTP/1.1" 200 97
::1 - - [20/May/2018:00:45:02 +0800] "GET /favicon.ico HTTP/1.1" 200 47
::1 - - [20/May/2018:00:45:03 +0800] "GET / HTTP/1.1" 200 97
::1 - - [20/May/2018:00:45:03 +0800] "GET /favicon.ico HTTP/1.1" 200 47
::1 - - [20/May/2018:00:45:03 +0800] "GET / HTTP/1.1" 200 97
::1 - - [20/May/2018:00:45:03 +0800] "GET /favicon.ico HTTP/1.1" 200 47
::1 - - [20/May/2018:00:46:02 +0800] "-" 408 -
::1 - - [20/May/2018:00:46:02 +0800] "-" 408 -
::1 - - [20/May/2018:00:49:51 +0800] "GET / HTTP/1.1" 200 97
::1 - - [20/May/2018:00:49:51 +0800] "GET /favicon.ico HTTP/1.1" 200 47
::1 - - [20/May/2018:00:49:52 +0800] "GET / HTTP/1.1" 200 97
::1 - - [20/May/2018:00:49:52 +0800] "GET /favicon.ico HTTP/1.1" 200 47
::1 - - [20/May/2018:00:49:52 +0800] "GET / HTTP/1.1" 200 97
::1 - - [20/May/2018:00:49:52 +0800] "GET /favicon.ico HTTP/1.1" 200 47
::1 - - [20/May/2018:00:50:51 +0800] "-" 408 -
::1 - - [20/May/2018:00:50:51 +0800] "-" 408 -
::1 - - [20/May/2018:00:51:32 +0800] "GET / HTTP/1.1" 200 97
::1 - - [20/May/2018:00:51:32 +0800] "GET /favicon.ico HTTP/1.1" 200 47
::1 - - [20/May/2018:00:51:33 +0800] "GET / HTTP/1.1" 200 97
::1 - - [20/May/2018:00:51:33 +0800] "GET /favicon.ico HTTP/1.1" 200 47
::1 - - [20/May/2018:00:51:33 +0800] "GET / HTTP/1.1" 200 97
::1 - - [20/May/2018:00:51:33 +0800] "GET /favicon.ico HTTP/1.1" 200 47
::1 - - [20/May/2018:00:51:33 +0800] "GET / HTTP/1.1" 200 97
::1 - - [20/May/2018:00:51:33 +0800] "GET /favicon.ico HTTP/1.1" 200 47
::1 - - [20/May/2018:00:51:33 +0800] "GET / HTTP/1.1" 200 97
::1 - - [20/May/2018:00:51:33 +0800] "GET /favicon.ico HTTP/1.1" 200 47
::1 - - [20/May/2018:00:51:33 +0800] "GET / HTTP/1.1" 200 97
::1 - - [20/May/2018:00:51:34 +0800] "GET /favicon.ico HTTP/1.1" 200 47
::1 - - [20/May/2018:00:51:54 +0800] "GET / HTTP/1.1" 200 97
::1 - - [20/May/2018:00:51:54 +0800] "GET /favicon.ico HTTP/1.1" 200 47
::1 - - [20/May/2018:00:51:54 +0800] "GET / HTTP/1.1" 200 97
::1 - - [20/May/2018:00:51:54 +0800] "GET /favicon.ico HTTP/1.1" 200 47
::1 - - [20/May/2018:00:51:55 +0800] "GET / HTTP/1.1" 200 97
::1 - - [20/May/2018:00:51:55 +0800] "GET /favicon.ico HTTP/1.1" 200 47
::1 - - [20/May/2018:00:51:55 +0800] "GET / HTTP/1.1" 200 97
::1 - - [20/May/2018:00:51:55 +0800] "GET /favicon.ico HTTP/1.1" 200 47
::1 - - [20/May/2018:00:51:55 +0800] "GET / HTTP/1.1" 200 97
::1 - - [20/May/2018:00:51:55 +0800] "GET /favicon.ico HTTP/1.1" 200 47
::1 - - [20/May/2018:00:51:55 +0800] "GET / HTTP/1.1" 200 97
::1 - - [20/May/2018:00:51:55 +0800] "GET /favicon.ico HTTP/1.1" 200 47
::1 - - [20/May/2018:00:51:55 +0800] "GET / HTTP/1.1" 200 97
::1 - - [20/May/2018:00:51:55 +0800] "GET /favicon.ico HTTP/1.1" 200 47
::1 - - [20/May/2018:00:52:54 +0800] "-" 408 -
::1 - - [20/May/2018:00:52:54 +0800] "-" 408 -
::1 - - [20/May/2018:00:53:05 +0800] "GET / HTTP/1.1" 200 97
::1 - - [20/May/2018:00:53:05 +0800] "GET /favicon.ico HTTP/1.1" 200 47
::1 - - [20/May/2018:00:53:06 +0800] "GET / HTTP/1.1" 200 97
::1 - - [20/May/2018:00:53:06 +0800] "GET /favicon.ico HTTP/1.1" 200 47
::1 - - [20/May/2018:00:53:06 +0800] "GET / HTTP/1.1" 200 97
::1 - - [20/May/2018:00:53:06 +0800] "GET /favicon.ico HTTP/1.1" 200 47
::1 - - [20/May/2018:00:53:06 +0800] "GET / HTTP/1.1" 200 97
::1 - - [20/May/2018:00:53:06 +0800] "GET /favicon.ico HTTP/1.1" 200 47
::1 - - [20/May/2018:00:53:14 +0800] "GET / HTTP/1.1" 200 1561
::1 - - [20/May/2018:00:53:14 +0800] "GET /favicon.ico HTTP/1.1" 200 47
::1 - - [20/May/2018:00:53:14 +0800] "GET / HTTP/1.1" 200 1561
::1 - - [20/May/2018:00:53:15 +0800] "GET /favicon.ico HTTP/1.1" 200 47
::1 - - [20/May/2018:00:53:15 +0800] "GET / HTTP/1.1" 200 1561
::1 - - [20/May/2018:00:53:15 +0800] "GET /favicon.ico HTTP/1.1" 200 47
::1 - - [20/May/2018:00:53:15 +0800] "GET / HTTP/1.1" 200 1561
::1 - - [20/May/2018:00:53:15 +0800] "GET /favicon.ico HTTP/1.1" 200 47
::1 - - [20/May/2018:00:54:05 +0800] "-" 408 -
::1 - - [20/May/2018:00:54:14 +0800] "-" 408 -
::1 - - [20/May/2018:00:54:15 +0800] "GET / HTTP/1.1" 200 1561
::1 - - [20/May/2018:00:54:15 +0800] "GET /favicon.ico HTTP/1.1" 200 47
::1 - - [20/May/2018:00:54:15 +0800] "GET / HTTP/1.1" 200 1561
::1 - - [20/May/2018:00:54:16 +0800] "GET /favicon.ico HTTP/1.1" 200 47
::1 - - [20/May/2018:00:54:16 +0800] "GET / HTTP/1.1" 200 1561
::1 - - [20/May/2018:00:54:16 +0800] "GET /favicon.ico HTTP/1.1" 200 47
::1 - - [20/May/2018:00:54:16 +0800] "GET / HTTP/1.1" 200 1561
::1 - - [20/May/2018:00:54:16 +0800] "GET /favicon.ico HTTP/1.1" 200 47
::1 - - [20/May/2018:00:54:16 +0800] "GET / HTTP/1.1" 200 1561
::1 - - [20/May/2018:00:54:16 +0800] "GET /favicon.ico HTTP/1.1" 200 47
::1 - - [20/May/2018:00:54:59 +0800] "GET / HTTP/1.1" 200 1561
::1 - - [20/May/2018:00:54:59 +0800] "GET /favicon.ico HTTP/1.1" 200 47
::1 - - [20/May/2018:00:55:00 +0800] "GET / HTTP/1.1" 200 1561
::1 - - [20/May/2018:00:55:00 +0800] "GET /favicon.ico HTTP/1.1" 200 47
::1 - - [20/May/2018:00:55:00 +0800] "GET / HTTP/1.1" 200 1561
::1 - - [20/May/2018:00:55:00 +0800] "GET /favicon.ico HTTP/1.1" 200 47
::1 - - [20/May/2018:00:55:00 +0800] "GET / HTTP/1.1" 200 1561
::1 - - [20/May/2018:00:55:00 +0800] "GET /favicon.ico HTTP/1.1" 200 47
::1 - - [20/May/2018:00:55:05 +0800] "GET / HTTP/1.1" 200 1552
::1 - - [20/May/2018:00:55:06 +0800] "GET /favicon.ico HTTP/1.1" 200 47
::1 - - [20/May/2018:00:55:06 +0800] "GET / HTTP/1.1" 200 1552
::1 - - [20/May/2018:00:55:06 +0800] "GET /favicon.ico HTTP/1.1" 200 47
::1 - - [20/May/2018:00:55:06 +0800] "GET / HTTP/1.1" 200 1552
::1 - - [20/May/2018:00:55:06 +0800] "GET /favicon.ico HTTP/1.1" 200 47
::1 - - [20/May/2018:00:55:59 +0800] "-" 408 -
::1 - - [20/May/2018:00:56:05 +0800] "-" 408 -
::1 - - [20/May/2018:00:59:28 +0800] "GET / HTTP/1.1" 200 1546
::1 - - [20/May/2018:00:59:28 +0800] "GET /favicon.ico HTTP/1.1" 200 47
::1 - - [20/May/2018:00:59:29 +0800] "GET / HTTP/1.1" 200 1546
::1 - - [20/May/2018:00:59:29 +0800] "GET /favicon.ico HTTP/1.1" 200 47
::1 - - [20/May/2018:00:59:29 +0800] "GET / HTTP/1.1" 200 1546
::1 - - [20/May/2018:00:59:29 +0800] "GET /favicon.ico HTTP/1.1" 200 47
::1 - - [20/May/2018:00:59:37 +0800] "GET / HTTP/1.1" 200 1546
::1 - - [20/May/2018:00:59:37 +0800] "GET /favicon.ico HTTP/1.1" 200 47
::1 - - [20/May/2018:00:59:37 +0800] "GET / HTTP/1.1" 200 1546
::1 - - [20/May/2018:00:59:38 +0800] "GET /favicon.ico HTTP/1.1" 200 47
::1 - - [20/May/2018:00:59:38 +0800] "GET / HTTP/1.1" 200 1546
::1 - - [20/May/2018:00:59:38 +0800] "GET /favicon.ico HTTP/1.1" 200 47
::1 - - [20/May/2018:00:59:38 +0800] "GET / HTTP/1.1" 200 1546
::1 - - [20/May/2018:00:59:38 +0800] "GET /favicon.ico HTTP/1.1" 200 47
::1 - - [20/May/2018:00:59:38 +0800] "GET / HTTP/1.1" 200 1546
::1 - - [20/May/2018:00:59:38 +0800] "GET /favicon.ico HTTP/1.1" 200 47
::1 - - [20/May/2018:00:59:38 +0800] "GET / HTTP/1.1" 200 1546
::1 - - [20/May/2018:00:59:38 +0800] "GET /favicon.ico HTTP/1.1" 200 47
::1 - - [20/May/2018:00:59:38 +0800] "GET / HTTP/1.1" 200 1546
::1 - - [20/May/2018:00:59:38 +0800] "GET /favicon.ico HTTP/1.1" 200 47
::1 - - [20/May/2018:00:59:57 +0800] "GET / HTTP/1.1" 200 1552
::1 - - [20/May/2018:00:59:58 +0800] "GET /favicon.ico HTTP/1.1" 200 47
::1 - - [20/May/2018:00:59:58 +0800] "GET / HTTP/1.1" 200 1552
::1 - - [20/May/2018:00:59:58 +0800] "GET /favicon.ico HTTP/1.1" 200 47
::1 - - [20/May/2018:01:00:58 +0800] "-" 408 -
::1 - - [20/May/2018:01:00:58 +0800] "-" 408 -
::1 - - [20/May/2018:01:01:15 +0800] "GET / HTTP/1.1" 200 1581
::1 - - [20/May/2018:01:01:15 +0800] "GET /favicon.ico HTTP/1.1" 200 47
::1 - - [20/May/2018:01:01:38 +0800] "GET / HTTP/1.1" 200 1588
::1 - - [20/May/2018:01:01:38 +0800] "GET /favicon.ico HTTP/1.1" 200 47
::1 - - [20/May/2018:01:01:52 +0800] "GET / HTTP/1.1" 200 1598
::1 - - [20/May/2018:01:01:52 +0800] "GET /favicon.ico HTTP/1.1" 200 47
::1 - - [20/May/2018:01:02:11 +0800] "GET / HTTP/1.1" 200 1598
::1 - - [20/May/2018:01:02:11 +0800] "GET /favicon.ico HTTP/1.1" 200 47
::1 - - [20/May/2018:01:02:20 +0800] "GET / HTTP/1.1" 200 1603
::1 - - [20/May/2018:01:02:20 +0800] "GET /favicon.ico HTTP/1.1" 200 47
::1 - - [20/May/2018:01:02:41 +0800] "GET / HTTP/1.1" 200 1603
::1 - - [20/May/2018:01:02:41 +0800] "GET /favicon.ico HTTP/1.1" 200 47
::1 - - [20/May/2018:01:02:41 +0800] "GET / HTTP/1.1" 200 1603
::1 - - [20/May/2018:01:02:41 +0800] "GET /favicon.ico HTTP/1.1" 200 47
::1 - - [20/May/2018:01:02:42 +0800] "GET / HTTP/1.1" 200 1603
::1 - - [20/May/2018:01:02:42 +0800] "GET /favicon.ico HTTP/1.1" 200 47
::1 - - [20/May/2018:01:03:44 +0800] "GET / HTTP/1.1" 200 1603
::1 - - [20/May/2018:01:03:44 +0800] "GET /favicon.ico HTTP/1.1" 200 47
::1 - - [20/May/2018:01:03:45 +0800] "GET / HTTP/1.1" 200 1603
::1 - - [20/May/2018:01:03:45 +0800] "GET /favicon.ico HTTP/1.1" 200 47
::1 - - [20/May/2018:01:03:45 +0800] "GET / HTTP/1.1" 200 1603
::1 - - [20/May/2018:01:03:45 +0800] "GET /favicon.ico HTTP/1.1" 200 47
::1 - - [20/May/2018:01:03:55 +0800] "GET /index/history.html HTTP/1.1" 200 1603
::1 - - [20/May/2018:01:03:55 +0800] "GET /favicon.ico HTTP/1.1" 200 47
::1 - - [20/May/2018:01:04:00 +0800] "GET /index/history.html HTTP/1.1" 200 1603
::1 - - [20/May/2018:01:04:00 +0800] "GET /favicon.ico HTTP/1.1" 200 47
::1 - - [20/May/2018:01:04:30 +0800] "GET /home/index/history.html HTTP/1.1" 200 1603
::1 - - [20/May/2018:01:04:30 +0800] "GET /favicon.ico HTTP/1.1" 200 47
::1 - - [20/May/2018:01:04:36 +0800] "GET /home/index/index.html HTTP/1.1" 200 1603
::1 - - [20/May/2018:01:04:36 +0800] "GET /favicon.ico HTTP/1.1" 200 47
::1 - - [20/May/2018:01:04:38 +0800] "GET /home/index/index.html HTTP/1.1" 200 1603
::1 - - [20/May/2018:01:04:38 +0800] "GET /favicon.ico HTTP/1.1" 200 47
::1 - - [20/May/2018:01:04:38 +0800] "GET /home/index/index.html HTTP/1.1" 200 1603
::1 - - [20/May/2018:01:04:38 +0800] "GET /favicon.ico HTTP/1.1" 200 47
::1 - - [20/May/2018:01:04:47 +0800] "GET /home/index/history HTTP/1.1" 200 1603
::1 - - [20/May/2018:01:04:47 +0800] "GET /favicon.ico HTTP/1.1" 200 47
::1 - - [20/May/2018:01:05:21 +0800] "GET /home/history HTTP/1.1" 200 47
::1 - - [20/May/2018:01:05:21 +0800] "GET /favicon.ico HTTP/1.1" 200 47
::1 - - [20/May/2018:01:05:26 +0800] "GET /favicon.ico HTTP/1.1" 200 47
::1 - - [20/May/2018:01:05:44 +0800] "GET /home/index/history HTTP/1.1" 200 1551
::1 - - [20/May/2018:01:05:44 +0800] "GET /favicon.ico HTTP/1.1" 200 47
::1 - - [20/May/2018:01:05:44 +0800] "GET /home/index/history HTTP/1.1" 200 1551
::1 - - [20/May/2018:01:05:44 +0800] "GET /favicon.ico HTTP/1.1" 200 47
::1 - - [20/May/2018:01:05:45 +0800] "GET /home/index/history HTTP/1.1" 200 1551
::1 - - [20/May/2018:01:05:45 +0800] "GET /favicon.ico HTTP/1.1" 200 47
::1 - - [20/May/2018:01:06:44 +0800] "-" 408 -
::1 - - [20/May/2018:01:06:44 +0800] "-" 408 -
::1 - - [20/May/2018:01:07:12 +0800] "GET /home/index/history HTTP/1.1" 200 1551
::1 - - [20/May/2018:01:07:12 +0800] "GET /favicon.ico HTTP/1.1" 200 47
::1 - - [20/May/2018:01:07:13 +0800] "GET /home/index/history HTTP/1.1" 200 1551
::1 - - [20/May/2018:01:07:13 +0800] "GET /home/index/history HTTP/1.1" 200 1551
::1 - - [20/May/2018:01:07:13 +0800] "GET /favicon.ico HTTP/1.1" 200 47
::1 - - [20/May/2018:01:07:13 +0800] "GET /home/index/history HTTP/1.1" 200 1551
::1 - - [20/May/2018:01:07:13 +0800] "GET /favicon.ico HTTP/1.1" 200 47
::1 - - [20/May/2018:01:08:12 +0800] "-" 408 -
::1 - - [20/May/2018:01:08:12 +0800] "-" 408 -
::1 - - [20/May/2018:01:08:17 +0800] "GET /home/index/history HTTP/1.1" 200 84
::1 - - [20/May/2018:01:08:17 +0800] "GET /favicon.ico HTTP/1.1" 200 47
::1 - - [20/May/2018:01:08:18 +0800] "GET /home/index/history HTTP/1.1" 200 84
::1 - - [20/May/2018:01:08:18 +0800] "GET /favicon.ico HTTP/1.1" 200 47
::1 - - [20/May/2018:01:08:30 +0800] "GET /home/index/history HTTP/1.1" 200 84
::1 - - [20/May/2018:01:08:30 +0800] "GET /favicon.ico HTTP/1.1" 200 47
::1 - - [20/May/2018:01:08:31 +0800] "GET /home/index/history HTTP/1.1" 200 84
::1 - - [20/May/2018:01:08:31 +0800] "GET /favicon.ico HTTP/1.1" 200 47
::1 - - [20/May/2018:01:08:31 +0800] "GET /home/index/history HTTP/1.1" 200 84
::1 - - [20/May/2018:01:08:31 +0800] "GET /favicon.ico HTTP/1.1" 200 47
::1 - - [20/May/2018:01:08:31 +0800] "GET /home/index/history HTTP/1.1" 200 84
::1 - - [20/May/2018:01:08:31 +0800] "GET /favicon.ico HTTP/1.1" 200 47
::1 - - [20/May/2018:01:09:29 +0800] "GET /home/index/history HTTP/1.1" 200 874
::1 - - [20/May/2018:01:09:29 +0800] "GET /favicon.ico HTTP/1.1" 200 47
::1 - - [20/May/2018:01:09:30 +0800] "GET /home/index/history HTTP/1.1" 200 874
::1 - - [20/May/2018:01:09:30 +0800] "GET /favicon.ico HTTP/1.1" 200 47
::1 - - [20/May/2018:01:09:30 +0800] "GET /home/index/history HTTP/1.1" 200 874
::1 - - [20/May/2018:01:09:30 +0800] "GET /favicon.ico HTTP/1.1" 200 47
::1 - - [20/May/2018:01:10:16 +0800] "GET /home/index/history HTTP/1.1" 200 857
::1 - - [20/May/2018:01:10:16 +0800] "GET /Resource/Style/Main.css HTTP/1.1" 200 724
::1 - - [20/May/2018:01:10:16 +0800] "GET /Resource/Style/Index.css HTTP/1.1" 200 1158
::1 - - [20/May/2018:01:10:16 +0800] "GET /Resource/Jscript/Index.js HTTP/1.1" 200 2242
::1 - - [20/May/2018:01:10:16 +0800] "GET /Resource/Media/Video/pirate.mp4 HTTP/1.1" 206 1435658
::1 - - [20/May/2018:01:10:16 +0800] "GET /Resource/Media/Music/Victory.mp3 HTTP/1.1" 200 12822626
::1 - - [20/May/2018:01:10:16 +0800] "GET /Resource/Media/Music/Victory.mp3 HTTP/1.1" 206 12822626
::1 - - [20/May/2018:01:10:16 +0800] "GET /favicon.ico HTTP/1.1" 200 47
::1 - - [20/May/2018:01:10:29 +0800] "GET /home/index/history HTTP/1.1" 200 857
::1 - - [20/May/2018:01:10:29 +0800] "GET /Resource/Media/Music/Victory.mp3 HTTP/1.1" 206 1
::1 - - [20/May/2018:01:10:29 +0800] "GET /Resource/Media/Music/Victory.mp3 HTTP/1.1" 206 9152610
::1 - - [20/May/2018:01:10:29 +0800] "GET /favicon.ico HTTP/1.1" 200 47
::1 - - [20/May/2018:01:11:29 +0800] "-" 408 -
::1 - - [20/May/2018:01:11:29 +0800] "-" 408 -
::1 - - [20/May/2018:01:11:51 +0800] "GET /home/index/history HTTP/1.1" 200 892
::1 - - [20/May/2018:01:11:51 +0800] "GET /Resource/Media/Music/Victory.mp3 HTTP/1.1" 206 1
::1 - - [20/May/2018:01:11:51 +0800] "GET /favicon.ico HTTP/1.1" 200 47
::1 - - [20/May/2018:01:11:53 +0800] "GET /home/index/history HTTP/1.1" 200 892
::1 - - [20/May/2018:01:11:53 +0800] "GET /Resource/Media/Music/Victory.mp3 HTTP/1.1" 206 1
::1 - - [20/May/2018:01:11:53 +0800] "GET /favicon.ico HTTP/1.1" 200 47
::1 - - [20/May/2018:01:11:53 +0800] "GET /home/index/history HTTP/1.1" 200 892
::1 - - [20/May/2018:01:11:54 +0800] "GET /Resource/Media/Music/Victory.mp3 HTTP/1.1" 206 1
::1 - - [20/May/2018:01:11:54 +0800] "GET /favicon.ico HTTP/1.1" 200 47
::1 - - [20/May/2018:01:11:54 +0800] "GET /home/index/history HTTP/1.1" 200 892
::1 - - [20/May/2018:01:11:54 +0800] "GET /Resource/Media/Music/Victory.mp3 HTTP/1.1" 206 1
::1 - - [20/May/2018:01:11:54 +0800] "GET /favicon.ico HTTP/1.1" 200 47
::1 - - [20/May/2018:01:11:54 +0800] "GET /home/index/history HTTP/1.1" 200 892
::1 - - [20/May/2018:01:11:55 +0800] "GET /Resource/Media/Music/Victory.mp3 HTTP/1.1" 206 1
::1 - - [20/May/2018:01:11:55 +0800] "GET /favicon.ico HTTP/1.1" 200 47
::1 - - [20/May/2018:01:12:22 +0800] "GET /home/index/history HTTP/1.1" 200 892
::1 - - [20/May/2018:01:12:22 +0800] "GET /Resource/Media/Music/Victory.mp3 HTTP/1.1" 206 1
::1 - - [20/May/2018:01:12:22 +0800] "GET /favicon.ico HTTP/1.1" 200 47
::1 - - [20/May/2018:01:12:23 +0800] "GET /home/index/history HTTP/1.1" 200 892
::1 - - [20/May/2018:01:12:23 +0800] "GET /Resource/Media/Music/Victory.mp3 HTTP/1.1" 206 1
::1 - - [20/May/2018:01:12:23 +0800] "GET /favicon.ico HTTP/1.1" 200 47
::1 - - [20/May/2018:01:12:23 +0800] "GET /home/index/history HTTP/1.1" 200 892
::1 - - [20/May/2018:01:12:23 +0800] "GET /Resource/Media/Music/Victory.mp3 HTTP/1.1" 206 1
::1 - - [20/May/2018:01:12:23 +0800] "GET /favicon.ico HTTP/1.1" 200 47
::1 - - [20/May/2018:01:13:22 +0800] "-" 408 -
::1 - - [20/May/2018:01:13:22 +0800] "-" 408 -
::1 - - [20/May/2018:01:13:22 +0800] "-" 408 -
::1 - - [20/May/2018:01:13:22 +0800] "-" 408 -
::1 - - [20/May/2018:01:13:25 +0800] "GET /home/index/history HTTP/1.1" 200 950
::1 - - [20/May/2018:01:13:25 +0800] "GET /Resource/Media/Music/Victory.mp3 HTTP/1.1" 206 1
::1 - - [20/May/2018:01:13:25 +0800] "GET /favicon.ico HTTP/1.1" 200 47
::1 - - [20/May/2018:01:13:25 +0800] "GET /home/index/history HTTP/1.1" 200 950
::1 - - [20/May/2018:01:13:26 +0800] "GET /Resource/Media/Music/Victory.mp3 HTTP/1.1" 206 1
::1 - - [20/May/2018:01:13:26 +0800] "GET /favicon.ico HTTP/1.1" 200 47
::1 - - [20/May/2018:01:13:26 +0800] "GET /home/index/history HTTP/1.1" 200 950
::1 - - [20/May/2018:01:13:26 +0800] "GET /Resource/Media/Music/Victory.mp3 HTTP/1.1" 206 1
::1 - - [20/May/2018:01:13:26 +0800] "GET /favicon.ico HTTP/1.1" 200 47
::1 - - [20/May/2018:01:13:26 +0800] "GET /home/index/history HTTP/1.1" 200 950
::1 - - [20/May/2018:01:13:27 +0800] "GET /Resource/Media/Music/Victory.mp3 HTTP/1.1" 206 1
::1 - - [20/May/2018:01:13:27 +0800] "GET /favicon.ico HTTP/1.1" 200 47
::1 - - [20/May/2018:01:13:27 +0800] "GET /home/index/history HTTP/1.1" 200 950
::1 - - [20/May/2018:01:13:27 +0800] "GET /Resource/Media/Music/Victory.mp3 HTTP/1.1" 206 1
::1 - - [20/May/2018:01:13:27 +0800] "GET /favicon.ico HTTP/1.1" 200 47
::1 - - [20/May/2018:01:13:27 +0800] "GET /home/index/history HTTP/1.1" 200 950
::1 - - [20/May/2018:01:13:27 +0800] "GET /Resource/Media/Music/Victory.mp3 HTTP/1.1" 206 1
::1 - - [20/May/2018:01:13:28 +0800] "GET /favicon.ico HTTP/1.1" 200 47
::1 - - [20/May/2018:01:13:28 +0800] "GET /home/index/history HTTP/1.1" 200 950
::1 - - [20/May/2018:01:13:28 +0800] "GET /Resource/Media/Music/Victory.mp3 HTTP/1.1" 206 1
::1 - - [20/May/2018:01:13:28 +0800] "GET /favicon.ico HTTP/1.1" 200 47
::1 - - [20/May/2018:01:13:28 +0800] "GET /home/index/history HTTP/1.1" 200 950
::1 - - [20/May/2018:01:13:28 +0800] "GET /Resource/Media/Music/Victory.mp3 HTTP/1.1" 206 1
::1 - - [20/May/2018:01:13:28 +0800] "GET /favicon.ico HTTP/1.1" 200 47
::1 - - [20/May/2018:01:13:29 +0800] "GET /home/index/history HTTP/1.1" 200 950
::1 - - [20/May/2018:01:13:29 +0800] "GET /Resource/Media/Music/Victory.mp3 HTTP/1.1" 206 1
::1 - - [20/May/2018:01:13:29 +0800] "GET /favicon.ico HTTP/1.1" 200 47
::1 - - [20/May/2018:01:13:29 +0800] "GET /home/index/history HTTP/1.1" 200 950
::1 - - [20/May/2018:01:13:29 +0800] "GET /Resource/Media/Music/Victory.mp3 HTTP/1.1" 206 1
::1 - - [20/May/2018:01:13:29 +0800] "GET /favicon.ico HTTP/1.1" 200 47
::1 - - [20/May/2018:01:13:30 +0800] "GET /home/index/history HTTP/1.1" 200 950
::1 - - [20/May/2018:01:13:30 +0800] "GET /Resource/Media/Music/Victory.mp3 HTTP/1.1" 206 1
::1 - - [20/May/2018:01:13:30 +0800] "GET /favicon.ico HTTP/1.1" 200 47
::1 - - [20/May/2018:01:13:31 +0800] "GET /home/index/history HTTP/1.1" 200 950
::1 - - [20/May/2018:01:13:31 +0800] "GET /Resource/Media/Music/Victory.mp3 HTTP/1.1" 206 1
::1 - - [20/May/2018:01:13:31 +0800] "GET /favicon.ico HTTP/1.1" 200 47
::1 - - [20/May/2018:01:13:31 +0800] "GET /home/index/history HTTP/1.1" 200 950
::1 - - [20/May/2018:01:13:31 +0800] "GET /Resource/Media/Music/Victory.mp3 HTTP/1.1" 206 1
::1 - - [20/May/2018:01:13:31 +0800] "GET /favicon.ico HTTP/1.1" 200 47
::1 - - [20/May/2018:01:13:31 +0800] "GET /home/index/history HTTP/1.1" 200 950
::1 - - [20/May/2018:01:13:31 +0800] "GET /Resource/Media/Music/Victory.mp3 HTTP/1.1" 206 1
::1 - - [20/May/2018:01:13:31 +0800] "GET /favicon.ico HTTP/1.1" 200 47
::1 - - [20/May/2018:01:13:32 +0800] "GET /home/index/history HTTP/1.1" 200 950
::1 - - [20/May/2018:01:13:32 +0800] "GET /Resource/Media/Music/Victory.mp3 HTTP/1.1" 206 1
::1 - - [20/May/2018:01:13:32 +0800] "GET /favicon.ico HTTP/1.1" 200 47
::1 - - [20/May/2018:01:13:32 +0800] "GET /home/index/history HTTP/1.1" 200 950
::1 - - [20/May/2018:01:13:32 +0800] "GET /Resource/Media/Music/Victory.mp3 HTTP/1.1" 206 1
::1 - - [20/May/2018:01:13:32 +0800] "GET /favicon.ico HTTP/1.1" 200 47
::1 - - [20/May/2018:01:14:25 +0800] "-" 408 -
::1 - - [20/May/2018:01:14:25 +0800] "-" 408 -
::1 - - [20/May/2018:01:14:25 +0800] "-" 408 -
::1 - - [20/May/2018:01:14:38 +0800] "GET /home/index/history HTTP/1.1" 200 964
::1 - - [20/May/2018:01:14:38 +0800] "GET /Resource/Media/Music/Victory.mp3 HTTP/1.1" 206 1
::1 - - [20/May/2018:01:14:38 +0800] "GET /favicon.ico HTTP/1.1" 200 47
::1 - - [20/May/2018:01:14:39 +0800] "GET /home/index/history HTTP/1.1" 200 964
::1 - - [20/May/2018:01:14:39 +0800] "GET /Resource/Media/Music/Victory.mp3 HTTP/1.1" 206 1
::1 - - [20/May/2018:01:14:39 +0800] "GET /favicon.ico HTTP/1.1" 200 47
::1 - - [20/May/2018:01:14:39 +0800] "GET /home/index/history HTTP/1.1" 200 964
::1 - - [20/May/2018:01:14:39 +0800] "GET /Resource/Media/Music/Victory.mp3 HTTP/1.1" 206 1
::1 - - [20/May/2018:01:14:39 +0800] "GET /favicon.ico HTTP/1.1" 200 47
::1 - - [20/May/2018:01:14:40 +0800] "GET /home/index/history HTTP/1.1" 200 964
::1 - - [20/May/2018:01:14:40 +0800] "GET /Resource/Media/Music/Victory.mp3 HTTP/1.1" 206 1
::1 - - [20/May/2018:01:14:40 +0800] "GET /favicon.ico HTTP/1.1" 200 47
::1 - - [20/May/2018:01:14:40 +0800] "GET /home/index/history HTTP/1.1" 200 964
::1 - - [20/May/2018:01:14:40 +0800] "GET /Resource/Media/Music/Victory.mp3 HTTP/1.1" 206 1
::1 - - [20/May/2018:01:14:41 +0800] "GET /favicon.ico HTTP/1.1" 200 47
::1 - - [20/May/2018:01:14:41 +0800] "GET /home/index/history HTTP/1.1" 200 964
::1 - - [20/May/2018:01:14:41 +0800] "GET /Resource/Media/Music/Victory.mp3 HTTP/1.1" 206 1
::1 - - [20/May/2018:01:14:41 +0800] "GET /favicon.ico HTTP/1.1" 200 47
::1 - - [20/May/2018:01:14:51 +0800] "GET /home/index/history HTTP/1.1" 200 965
::1 - - [20/May/2018:01:14:51 +0800] "GET /Resource/Media/Music/Victory.mp3 HTTP/1.1" 206 1
::1 - - [20/May/2018:01:14:51 +0800] "GET /favicon.ico HTTP/1.1" 200 47
::1 - - [20/May/2018:01:14:51 +0800] "GET /home/index/history HTTP/1.1" 200 965
::1 - - [20/May/2018:01:14:51 +0800] "GET /Resource/Media/Music/Victory.mp3 HTTP/1.1" 206 1
::1 - - [20/May/2018:01:14:51 +0800] "GET /favicon.ico HTTP/1.1" 200 47
::1 - - [20/May/2018:01:14:52 +0800] "GET /home/index/history HTTP/1.1" 200 965
::1 - - [20/May/2018:01:14:52 +0800] "GET /Resource/Media/Music/Victory.mp3 HTTP/1.1" 206 1
::1 - - [20/May/2018:01:14:52 +0800] "GET /favicon.ico HTTP/1.1" 200 47
::1 - - [20/May/2018:01:14:52 +0800] "GET /home/index/history HTTP/1.1" 200 965
::1 - - [20/May/2018:01:14:52 +0800] "GET /Resource/Media/Music/Victory.mp3 HTTP/1.1" 206 1
::1 - - [20/May/2018:01:14:52 +0800] "GET /favicon.ico HTTP/1.1" 200 47
::1 - - [20/May/2018:01:14:53 +0800] "GET /home/index/history HTTP/1.1" 200 965
::1 - - [20/May/2018:01:14:53 +0800] "GET /Resource/Media/Music/Victory.mp3 HTTP/1.1" 206 1
::1 - - [20/May/2018:01:14:53 +0800] "GET /favicon.ico HTTP/1.1" 200 47
::1 - - [20/May/2018:01:14:53 +0800] "GET /home/index/history HTTP/1.1" 200 965
::1 - - [20/May/2018:01:14:53 +0800] "GET /Resource/Media/Music/Victory.mp3 HTTP/1.1" 206 1
::1 - - [20/May/2018:01:14:53 +0800] "GET /favicon.ico HTTP/1.1" 200 47
::1 - - [20/May/2018:01:15:10 +0800] "GET /home/index/history HTTP/1.1" 200 978
::1 - - [20/May/2018:01:15:10 +0800] "GET /Resource/Media/Music/Victory.mp3 HTTP/1.1" 206 1
::1 - - [20/May/2018:01:15:10 +0800] "GET /favicon.ico HTTP/1.1" 200 47
::1 - - [20/May/2018:01:15:10 +0800] "GET /home/index/history HTTP/1.1" 200 978
::1 - - [20/May/2018:01:15:10 +0800] "GET /Resource/Media/Music/Victory.mp3 HTTP/1.1" 206 1
::1 - - [20/May/2018:01:15:10 +0800] "GET /favicon.ico HTTP/1.1" 200 47
::1 - - [20/May/2018:01:15:11 +0800] "GET /home/index/history HTTP/1.1" 200 978
::1 - - [20/May/2018:01:15:11 +0800] "GET /Resource/Media/Music/Victory.mp3 HTTP/1.1" 206 1
::1 - - [20/May/2018:01:15:11 +0800] "GET /favicon.ico HTTP/1.1" 200 47
::1 - - [20/May/2018:01:15:11 +0800] "GET /home/index/history HTTP/1.1" 200 978
::1 - - [20/May/2018:01:15:11 +0800] "GET /Resource/Media/Music/Victory.mp3 HTTP/1.1" 206 1
::1 - - [20/May/2018:01:15:11 +0800] "GET /favicon.ico HTTP/1.1" 200 47
::1 - - [20/May/2018:01:15:12 +0800] "GET /home/index/history HTTP/1.1" 200 978
::1 - - [20/May/2018:01:15:12 +0800] "GET /Resource/Media/Music/Victory.mp3 HTTP/1.1" 206 1
::1 - - [20/May/2018:01:15:12 +0800] "GET /favicon.ico HTTP/1.1" 200 47
::1 - - [20/May/2018:01:15:12 +0800] "GET /home/index/history HTTP/1.1" 200 978
::1 - - [20/May/2018:01:15:13 +0800] "GET /Resource/Media/Music/Victory.mp3 HTTP/1.1" 206 1
::1 - - [20/May/2018:01:15:13 +0800] "GET /favicon.ico HTTP/1.1" 200 47
::1 - - [20/May/2018:01:15:13 +0800] "GET /home/index/history HTTP/1.1" 200 978
::1 - - [20/May/2018:01:15:13 +0800] "GET /Resource/Media/Music/Victory.mp3 HTTP/1.1" 206 1
::1 - - [20/May/2018:01:15:13 +0800] "GET /favicon.ico HTTP/1.1" 200 47
::1 - - [20/May/2018:01:16:34 +0800] "GET /Resource/Media/Music/Victory.mp3 HTTP/1.1" 206 5580898
::1 - - [20/May/2018:01:18:06 +0800] "GET /home/index/history HTTP/1.1" 200 132
::1 - - [20/May/2018:01:18:06 +0800] "GET /favicon.ico HTTP/1.1" 200 47
::1 - - [20/May/2018:01:18:07 +0800] "GET /home/index/history HTTP/1.1" 200 132
::1 - - [20/May/2018:01:18:07 +0800] "GET /favicon.ico HTTP/1.1" 200 47
::1 - - [20/May/2018:01:19:04 +0800] "GET /home/index/history HTTP/1.1" 200 879
::1 - - [20/May/2018:01:19:04 +0800] "GET /Resource/Media/Music/Victory.mp3 HTTP/1.1" 206 1
::1 - - [20/May/2018:01:19:04 +0800] "GET /favicon.ico HTTP/1.1" 200 47
::1 - - [20/May/2018:01:19:05 +0800] "GET /home/index/history HTTP/1.1" 200 879
::1 - - [20/May/2018:01:19:05 +0800] "GET /Resource/Media/Music/Victory.mp3 HTTP/1.1" 206 1
::1 - - [20/May/2018:01:19:05 +0800] "GET /favicon.ico HTTP/1.1" 200 47
::1 - - [20/May/2018:01:19:06 +0800] "GET /home/index/history HTTP/1.1" 200 879
::1 - - [20/May/2018:01:19:06 +0800] "GET /Resource/Media/Music/Victory.mp3 HTTP/1.1" 206 1
::1 - - [20/May/2018:01:19:06 +0800] "GET /favicon.ico HTTP/1.1" 200 47
::1 - - [20/May/2018:01:19:07 +0800] "GET /home/index/history HTTP/1.1" 200 879
::1 - - [20/May/2018:01:19:07 +0800] "GET /Resource/Media/Music/Victory.mp3 HTTP/1.1" 206 1
::1 - - [20/May/2018:01:19:07 +0800] "GET /favicon.ico HTTP/1.1" 200 47
::1 - - [20/May/2018:01:19:07 +0800] "GET /home/index/history HTTP/1.1" 200 879
::1 - - [20/May/2018:01:19:07 +0800] "GET /Resource/Media/Music/Victory.mp3 HTTP/1.1" 206 1
::1 - - [20/May/2018:01:19:07 +0800] "GET /favicon.ico HTTP/1.1" 200 47
::1 - - [20/May/2018:01:19:07 +0800] "GET /home/index/history HTTP/1.1" 200 879
::1 - - [20/May/2018:01:19:07 +0800] "GET /Resource/Media/Music/Victory.mp3 HTTP/1.1" 206 1
::1 - - [20/May/2018:01:19:07 +0800] "GET /favicon.ico HTTP/1.1" 200 47
::1 - - [20/May/2018:01:19:23 +0800] "GET /home/index/history HTTP/1.1" 200 857
::1 - - [20/May/2018:01:19:23 +0800] "GET /Resource/Media/Music/Victory.mp3 HTTP/1.1" 206 1
::1 - - [20/May/2018:01:19:23 +0800] "GET /favicon.ico HTTP/1.1" 200 47
::1 - - [20/May/2018:01:19:24 +0800] "GET /home/index/history HTTP/1.1" 200 857
::1 - - [20/May/2018:01:19:24 +0800] "GET /Resource/Media/Music/Victory.mp3 HTTP/1.1" 206 1
::1 - - [20/May/2018:01:19:24 +0800] "GET /favicon.ico HTTP/1.1" 200 47
::1 - - [20/May/2018:01:19:32 +0800] "GET /home/index/history HTTP/1.1" 200 857
::1 - - [20/May/2018:01:19:32 +0800] "GET /Resource/Media/Music/Victory.mp3 HTTP/1.1" 206 1
::1 - - [20/May/2018:01:19:32 +0800] "GET /favicon.ico HTTP/1.1" 200 47
::1 - - [20/May/2018:01:19:33 +0800] "GET /home/index/history HTTP/1.1" 200 857
::1 - - [20/May/2018:01:19:33 +0800] "GET /Resource/Media/Music/Victory.mp3 HTTP/1.1" 206 1
::1 - - [20/May/2018:01:19:33 +0800] "GET /favicon.ico HTTP/1.1" 200 47
::1 - - [20/May/2018:01:19:33 +0800] "GET /home/index/history HTTP/1.1" 200 857
::1 - - [20/May/2018:01:19:33 +0800] "GET /Resource/Media/Music/Victory.mp3 HTTP/1.1" 206 1
::1 - - [20/May/2018:01:19:33 +0800] "GET /favicon.ico HTTP/1.1" 200 47
::1 - - [20/May/2018:01:19:33 +0800] "GET /home/index/history HTTP/1.1" 200 857
::1 - - [20/May/2018:01:19:33 +0800] "GET /Resource/Media/Music/Victory.mp3 HTTP/1.1" 206 1
::1 - - [20/May/2018:01:19:33 +0800] "GET /favicon.ico HTTP/1.1" 200 47
::1 - - [20/May/2018:01:19:33 +0800] "GET /home/index/history HTTP/1.1" 200 857
::1 - - [20/May/2018:01:19:34 +0800] "GET /Resource/Media/Music/Victory.mp3 HTTP/1.1" 206 1
::1 - - [20/May/2018:01:19:34 +0800] "GET /favicon.ico HTTP/1.1" 200 47
::1 - - [20/May/2018:01:19:34 +0800] "GET /home/index/history HTTP/1.1" 200 857
::1 - - [20/May/2018:01:19:34 +0800] "GET /Resource/Media/Music/Victory.mp3 HTTP/1.1" 206 1
::1 - - [20/May/2018:01:19:34 +0800] "GET /favicon.ico HTTP/1.1" 200 47
::1 - - [20/May/2018:01:19:41 +0800] "GET /home/index/history HTTP/1.1" 200 857
::1 - - [20/May/2018:01:19:41 +0800] "GET /Resource/Media/Music/Victory.mp3 HTTP/1.1" 206 1
::1 - - [20/May/2018:01:19:41 +0800] "GET /favicon.ico HTTP/1.1" 200 47
::1 - - [20/May/2018:01:19:41 +0800] "GET /home/index/history HTTP/1.1" 200 857
::1 - - [20/May/2018:01:19:41 +0800] "GET /Resource/Media/Music/Victory.mp3 HTTP/1.1" 206 1
::1 - - [20/May/2018:01:19:41 +0800] "GET /favicon.ico HTTP/1.1" 200 47
::1 - - [20/May/2018:01:19:41 +0800] "GET /home/index/history HTTP/1.1" 200 857
::1 - - [20/May/2018:01:19:42 +0800] "GET /Resource/Media/Music/Victory.mp3 HTTP/1.1" 206 1
::1 - - [20/May/2018:01:19:42 +0800] "GET /favicon.ico HTTP/1.1" 200 47
::1 - - [20/May/2018:01:19:45 +0800] "GET / HTTP/1.1" 200 82
::1 - - [20/May/2018:01:19:45 +0800] "GET /favicon.ico HTTP/1.1" 200 47
::1 - - [20/May/2018:01:19:49 +0800] "GET / HTTP/1.1" 200 82
::1 - - [20/May/2018:01:19:49 +0800] "GET /favicon.ico HTTP/1.1" 200 47
::1 - - [20/May/2018:01:19:49 +0800] "GET / HTTP/1.1" 200 82
::1 - - [20/May/2018:01:19:49 +0800] "GET /favicon.ico HTTP/1.1" 200 47
::1 - - [20/May/2018:01:19:49 +0800] "GET / HTTP/1.1" 200 82
::1 - - [20/May/2018:01:19:49 +0800] "GET /favicon.ico HTTP/1.1" 200 47
::1 - - [20/May/2018:01:19:55 +0800] "GET /home/index HTTP/1.1" 200 1546
::1 - - [20/May/2018:01:19:55 +0800] "GET /favicon.ico HTTP/1.1" 200 47
::1 - - [20/May/2018:01:20:02 +0800] "GET /home/index/index.html HTTP/1.1" 200 1546
::1 - - [20/May/2018:01:20:03 +0800] "GET /favicon.ico HTTP/1.1" 200 47
::1 - - [20/May/2018:01:20:08 +0800] "GET /home/index/history.html HTTP/1.1" 200 857
::1 - - [20/May/2018:01:20:08 +0800] "GET /Resource/Media/Music/Victory.mp3 HTTP/1.1" 206 1
::1 - - [20/May/2018:01:20:08 +0800] "GET /favicon.ico HTTP/1.1" 200 47
::1 - - [20/May/2018:01:20:11 +0800] "GET /home HTTP/1.1" 200 1546
::1 - - [20/May/2018:01:20:11 +0800] "GET /favicon.ico HTTP/1.1" 200 47
::1 - - [20/May/2018:01:20:14 +0800] "GET / HTTP/1.1" 200 82
::1 - - [20/May/2018:01:20:14 +0800] "GET /favicon.ico HTTP/1.1" 200 47
::1 - - [20/May/2018:01:21:08 +0800] "-" 408 -
::1 - - [20/May/2018:01:21:08 +0800] "-" 408 -
::1 - - [20/May/2018:01:21:11 +0800] "-" 408 -
::1 - - [20/May/2018:01:21:32 +0800] "GET / HTTP/1.1" 200 82
::1 - - [20/May/2018:01:21:32 +0800] "GET /favicon.ico HTTP/1.1" 200 47
::1 - - [20/May/2018:01:21:32 +0800] "GET / HTTP/1.1" 200 82
::1 - - [20/May/2018:01:21:33 +0800] "GET /favicon.ico HTTP/1.1" 200 47
::1 - - [20/May/2018:01:21:33 +0800] "GET / HTTP/1.1" 200 82
::1 - - [20/May/2018:01:21:33 +0800] "GET /favicon.ico HTTP/1.1" 200 47
::1 - - [20/May/2018:01:21:41 +0800] "GET / HTTP/1.1" 200 1546
::1 - - [20/May/2018:01:21:41 +0800] "GET /favicon.ico HTTP/1.1" 200 47
::1 - - [20/May/2018:01:21:52 +0800] "GET / HTTP/1.1" 200 82
::1 - - [20/May/2018:01:21:52 +0800] "GET /favicon.ico HTTP/1.1" 200 47
::1 - - [20/May/2018:01:22:52 +0800] "-" 408 -
::1 - - [20/May/2018:01:22:52 +0800] "-" 408 -
::1 - - [20/May/2018:01:23:08 +0800] "GET / HTTP/1.1" 200 110
::1 - - [20/May/2018:01:23:08 +0800] "GET /favicon.ico HTTP/1.1" 200 47
::1 - - [20/May/2018:01:24:01 +0800] "GET / HTTP/1.1" 200 82
::1 - - [20/May/2018:01:24:01 +0800] "GET /favicon.ico HTTP/1.1" 200 47
::1 - - [20/May/2018:07:57:01 +0800] "GET / HTTP/1.1" 200 82
::1 - - [20/May/2018:07:57:01 +0800] "GET /favicon.ico HTTP/1.1" 200 47
::1 - - [20/May/2018:07:57:11 +0800] "GET /home HTTP/1.1" 200 1546
::1 - - [20/May/2018:07:57:11 +0800] "GET /favicon.ico HTTP/1.1" 200 47
::1 - - [20/May/2018:07:57:14 +0800] "GET / HTTP/1.1" 200 82
::1 - - [20/May/2018:07:57:14 +0800] "GET /favicon.ico HTTP/1.1" 200 47
::1 - - [20/May/2018:07:57:42 +0800] "GET / HTTP/1.1" 200 -
::1 - - [20/May/2018:07:57:42 +0800] "GET /favicon.ico HTTP/1.1" 200 47
::1 - - [20/May/2018:07:57:53 +0800] "GET / HTTP/1.1" 200 2
::1 - - [20/May/2018:07:57:53 +0800] "GET /favicon.ico HTTP/1.1" 200 47
::1 - - [20/May/2018:07:59:32 +0800] "GET / HTTP/1.1" 200 -
::1 - - [20/May/2018:07:59:32 +0800] "GET /favicon.ico HTTP/1.1" 200 47
::1 - - [20/May/2018:08:00:03 +0800] "GET / HTTP/1.1" 200 82
::1 - - [20/May/2018:08:00:03 +0800] "GET /favicon.ico HTTP/1.1" 200 47
::1 - - [20/May/2018:08:00:26 +0800] "GET / HTTP/1.1" 200 110
::1 - - [20/May/2018:08:00:26 +0800] "GET /favicon.ico HTTP/1.1" 200 47
::1 - - [20/May/2018:08:05:09 +0800] "GET / HTTP/1.1" 200 87
::1 - - [20/May/2018:08:05:09 +0800] "GET /favicon.ico HTTP/1.1" 200 47
::1 - - [20/May/2018:08:05:11 +0800] "GET / HTTP/1.1" 200 87
::1 - - [20/May/2018:08:05:11 +0800] "GET /favicon.ico HTTP/1.1" 200 47
::1 - - [20/May/2018:08:05:20 +0800] "GET / HTTP/1.1" 200 146
::1 - - [20/May/2018:08:05:21 +0800] "GET /favicon.ico HTTP/1.1" 200 47
::1 - - [20/May/2018:08:06:05 +0800] "GET /home HTTP/1.1" 200 1637
::1 - - [20/May/2018:08:06:05 +0800] "GET /favicon.ico HTTP/1.1" 200 47
::1 - - [20/May/2018:08:07:05 +0800] "-" 408 -
::1 - - [20/May/2018:08:43:54 +0800] "GET /home HTTP/1.1" 200 1637
::1 - - [20/May/2018:08:43:54 +0800] "GET /favicon.ico HTTP/1.1" 200 47
::1 - - [20/May/2018:08:43:58 +0800] "GET / HTTP/1.1" 200 146
::1 - - [20/May/2018:08:43:58 +0800] "GET /favicon.ico HTTP/1.1" 200 47
::1 - - [20/May/2018:08:44:54 +0800] "-" 408 -
::1 - - [20/May/2018:08:45:07 +0800] "GET / HTTP/1.1" 200 152
::1 - - [20/May/2018:08:45:07 +0800] "GET /favicon.ico HTTP/1.1" 200 47
::1 - - [20/May/2018:08:45:47 +0800] "GET / HTTP/1.1" 200 153
::1 - - [20/May/2018:08:45:47 +0800] "GET /favicon.ico HTTP/1.1" 200 47
::1 - - [20/May/2018:08:46:18 +0800] "GET /home HTTP/1.1" 200 1622
::1 - - [20/May/2018:08:46:18 +0800] "GET /favicon.ico HTTP/1.1" 200 47
::1 - - [20/May/2018:08:46:33 +0800] "GET /home HTTP/1.1" 200 1688
::1 - - [20/May/2018:08:46:33 +0800] "GET /favicon.ico HTTP/1.1" 200 47
::1 - - [20/May/2018:08:47:11 +0800] "GET /favicon.ico HTTP/1.1" 200 47
::1 - - [20/May/2018:08:48:10 +0800] "-" 408 -
::1 - - [20/May/2018:08:49:27 +0800] "GET /home HTTP/1.1" 200 1728
::1 - - [20/May/2018:08:49:27 +0800] "GET /favicon.ico HTTP/1.1" 200 47
::1 - - [20/May/2018:08:49:37 +0800] "GET /home HTTP/1.1" 200 1728
::1 - - [20/May/2018:08:49:38 +0800] "GET /favicon.ico HTTP/1.1" 200 47
::1 - - [20/May/2018:08:49:49 +0800] "GET /home HTTP/1.1" 200 1728
::1 - - [20/May/2018:08:49:49 +0800] "GET /favicon.ico HTTP/1.1" 200 47
::1 - - [20/May/2018:08:49:55 +0800] "GET /home HTTP/1.1" 200 1728
::1 - - [20/May/2018:08:49:55 +0800] "GET /favicon.ico HTTP/1.1" 200 47
::1 - - [20/May/2018:08:50:12 +0800] "GET / HTTP/1.1" 200 232
::1 - - [20/May/2018:08:50:12 +0800] "GET /favicon.ico HTTP/1.1" 200 47
::1 - - [20/May/2018:08:51:06 +0800] "GET / HTTP/1.1" 200 245
::1 - - [20/May/2018:08:51:06 +0800] "GET /favicon.ico HTTP/1.1" 200 47
::1 - - [20/May/2018:08:51:18 +0800] "GET / HTTP/1.1" 200 251
::1 - - [20/May/2018:08:51:18 +0800] "GET /favicon.ico HTTP/1.1" 200 47
::1 - - [20/May/2018:08:51:23 +0800] "GET /home HTTP/1.1" 200 1751
::1 - - [20/May/2018:08:51:23 +0800] "GET /favicon.ico HTTP/1.1" 200 47
::1 - - [20/May/2018:08:52:18 +0800] "-" 408 -
::1 - - [20/May/2018:09:44:01 +0800] "GET /home HTTP/1.1" 200 1751
::1 - - [20/May/2018:09:44:02 +0800] "GET /favicon.ico HTTP/1.1" 200 47
::1 - - [20/May/2018:09:44:24 +0800] "GET / HTTP/1.1" 200 251
::1 - - [20/May/2018:09:44:25 +0800] "GET /favicon.ico HTTP/1.1" 200 47
::1 - - [20/May/2018:09:45:06 +0800] "GET / HTTP/1.1" 200 1694
::1 - - [20/May/2018:09:45:06 +0800] "GET /favicon.ico HTTP/1.1" 200 47
::1 - - [20/May/2018:09:45:07 +0800] "GET / HTTP/1.1" 200 1694
::1 - - [20/May/2018:09:45:07 +0800] "GET /favicon.ico HTTP/1.1" 200 47
::1 - - [20/May/2018:09:45:49 +0800] "GET /home HTTP/1.1" 200 1694
::1 - - [20/May/2018:09:45:49 +0800] "GET /favicon.ico HTTP/1.1" 200 47
::1 - - [20/May/2018:09:45:54 +0800] "GET /home/index HTTP/1.1" 200 1694
::1 - - [20/May/2018:09:45:54 +0800] "GET /favicon.ico HTTP/1.1" 200 47
::1 - - [20/May/2018:09:45:59 +0800] "GET /home/index/history HTTP/1.1" 200 1005
::1 - - [20/May/2018:09:45:59 +0800] "GET /Resource/Media/Music/Victory.mp3 HTTP/1.1" 206 1
::1 - - [20/May/2018:09:45:59 +0800] "GET /favicon.ico HTTP/1.1" 200 47
::1 - - [20/May/2018:09:46:01 +0800] "GET /home/index/history HTTP/1.1" 200 1005
::1 - - [20/May/2018:09:46:01 +0800] "GET /home/index/history HTTP/1.1" 200 1005
::1 - - [20/May/2018:09:46:01 +0800] "GET /Resource/Media/Music/Victory.mp3 HTTP/1.1" 206 1
::1 - - [20/May/2018:09:46:01 +0800] "GET /favicon.ico HTTP/1.1" 200 47
::1 - - [20/May/2018:09:46:01 +0800] "GET /home/index/history HTTP/1.1" 200 1005
::1 - - [20/May/2018:09:46:01 +0800] "GET /Resource/Media/Music/Victory.mp3 HTTP/1.1" 206 1
::1 - - [20/May/2018:09:46:01 +0800] "GET /favicon.ico HTTP/1.1" 200 47
::1 - - [20/May/2018:09:46:02 +0800] "GET /home/index/history HTTP/1.1" 200 1005
::1 - - [20/May/2018:09:46:02 +0800] "GET /Resource/Media/Music/Victory.mp3 HTTP/1.1" 206 1
::1 - - [20/May/2018:09:46:02 +0800] "GET /favicon.ico HTTP/1.1" 200 47
::1 - - [20/May/2018:09:46:02 +0800] "GET /home/index/history HTTP/1.1" 200 1005
::1 - - [20/May/2018:09:46:03 +0800] "GET /Resource/Media/Music/Victory.mp3 HTTP/1.1" 206 1
::1 - - [20/May/2018:09:46:03 +0800] "GET /favicon.ico HTTP/1.1" 200 47
::1 - - [20/May/2018:09:46:03 +0800] "GET /home/index/history HTTP/1.1" 200 1005
::1 - - [20/May/2018:09:46:03 +0800] "GET /Resource/Media/Music/Victory.mp3 HTTP/1.1" 206 1
::1 - - [20/May/2018:09:46:03 +0800] "GET /favicon.ico HTTP/1.1" 200 47
::1 - - [20/May/2018:09:46:04 +0800] "GET /home/index/history HTTP/1.1" 200 1005
::1 - - [20/May/2018:09:46:04 +0800] "GET /Resource/Media/Music/Victory.mp3 HTTP/1.1" 206 1
::1 - - [20/May/2018:09:46:04 +0800] "GET /favicon.ico HTTP/1.1" 200 47
::1 - - [20/May/2018:09:46:04 +0800] "GET /home/index/history HTTP/1.1" 200 1005
::1 - - [20/May/2018:09:46:04 +0800] "GET /Resource/Media/Music/Victory.mp3 HTTP/1.1" 206 1
::1 - - [20/May/2018:09:46:04 +0800] "GET /favicon.ico HTTP/1.1" 200 47
::1 - - [20/May/2018:09:46:05 +0800] "GET /home/index/history HTTP/1.1" 200 1005
::1 - - [20/May/2018:09:46:05 +0800] "GET /Resource/Media/Music/Victory.mp3 HTTP/1.1" 206 1
::1 - - [20/May/2018:09:46:05 +0800] "GET /favicon.ico HTTP/1.1" 200 47
::1 - - [20/May/2018:09:46:05 +0800] "GET /home/index/history HTTP/1.1" 200 1005
::1 - - [20/May/2018:09:46:06 +0800] "GET /Resource/Media/Music/Victory.mp3 HTTP/1.1" 206 1
::1 - - [20/May/2018:09:46:06 +0800] "GET /favicon.ico HTTP/1.1" 200 47
::1 - - [20/May/2018:09:46:06 +0800] "GET /home/index/history HTTP/1.1" 200 1005
::1 - - [20/May/2018:09:46:06 +0800] "GET /Resource/Media/Music/Victory.mp3 HTTP/1.1" 206 1
::1 - - [20/May/2018:09:46:06 +0800] "GET /favicon.ico HTTP/1.1" 200 47
::1 - - [20/May/2018:09:46:07 +0800] "GET /home/index/history HTTP/1.1" 200 1005
::1 - - [20/May/2018:09:46:07 +0800] "GET /Resource/Media/Music/Victory.mp3 HTTP/1.1" 206 1
::1 - - [20/May/2018:09:46:07 +0800] "GET /favicon.ico HTTP/1.1" 200 47
::1 - - [20/May/2018:09:46:07 +0800] "GET /home/index/history HTTP/1.1" 200 1005
::1 - - [20/May/2018:09:46:07 +0800] "GET /Resource/Media/Music/Victory.mp3 HTTP/1.1" 206 1
::1 - - [20/May/2018:09:46:07 +0800] "GET /favicon.ico HTTP/1.1" 200 47
::1 - - [20/May/2018:09:46:07 +0800] "GET /home/index/history HTTP/1.1" 200 1005
::1 - - [20/May/2018:09:46:07 +0800] "GET /Resource/Media/Music/Victory.mp3 HTTP/1.1" 206 1
::1 - - [20/May/2018:09:46:07 +0800] "GET /favicon.ico HTTP/1.1" 200 47
::1 - - [20/May/2018:09:46:08 +0800] "GET /home/index/history HTTP/1.1" 200 1005
::1 - - [20/May/2018:09:46:08 +0800] "GET /Resource/Media/Music/Victory.mp3 HTTP/1.1" 206 1
::1 - - [20/May/2018:09:46:08 +0800] "GET /favicon.ico HTTP/1.1" 200 47
::1 - - [20/May/2018:09:46:08 +0800] "GET /favicon.ico HTTP/1.1" 200 47
::1 - - [20/May/2018:09:47:01 +0800] "-" 408 -
::1 - - [20/May/2018:09:47:01 +0800] "-" 408 -
::1 - - [20/May/2018:09:47:01 +0800] "-" 408 -
::1 - - [20/May/2018:09:47:46 +0800] "GET /home/index HTTP/1.1" 200 1694
::1 - - [20/May/2018:09:47:46 +0800] "GET /favicon.ico HTTP/1.1" 200 47
::1 - - [20/May/2018:09:47:47 +0800] "GET /home/index HTTP/1.1" 200 1694
::1 - - [20/May/2018:09:47:47 +0800] "GET /favicon.ico HTTP/1.1" 200 47
::1 - - [20/May/2018:09:47:55 +0800] "GET /home/index HTTP/1.1" 200 1695
::1 - - [20/May/2018:09:47:55 +0800] "GET /favicon.ico HTTP/1.1" 200 47
::1 - - [20/May/2018:09:47:59 +0800] "GET / HTTP/1.1" 200 1695
::1 - - [20/May/2018:09:47:59 +0800] "GET /favicon.ico HTTP/1.1" 200 47
::1 - - [20/May/2018:09:48:00 +0800] "GET / HTTP/1.1" 200 1695
::1 - - [20/May/2018:09:48:00 +0800] "GET /favicon.ico HTTP/1.1" 200 47
::1 - - [20/May/2018:09:48:01 +0800] "GET / HTTP/1.1" 200 1695
::1 - - [20/May/2018:09:48:01 +0800] "GET /favicon.ico HTTP/1.1" 200 47
::1 - - [20/May/2018:09:48:01 +0800] "GET / HTTP/1.1" 200 1695
::1 - - [20/May/2018:09:48:01 +0800] "GET /favicon.ico HTTP/1.1" 200 47
::1 - - [20/May/2018:09:48:01 +0800] "GET / HTTP/1.1" 200 1695
::1 - - [20/May/2018:09:48:01 +0800] "GET /favicon.ico HTTP/1.1" 200 47
::1 - - [20/May/2018:09:48:11 +0800] "GET / HTTP/1.1" 200 1722
::1 - - [20/May/2018:09:48:11 +0800] "GET /favicon.ico HTTP/1.1" 200 47
::1 - - [20/May/2018:09:48:36 +0800] "GET / HTTP/1.1" 200 167
::1 - - [20/May/2018:09:48:36 +0800] "GET /favicon.ico HTTP/1.1" 200 167
::1 - - [20/May/2018:09:48:37 +0800] "GET / HTTP/1.1" 200 167
::1 - - [20/May/2018:09:48:37 +0800] "GET /favicon.ico HTTP/1.1" 200 167
::1 - - [20/May/2018:09:48:37 +0800] "GET / HTTP/1.1" 200 167
::1 - - [20/May/2018:09:48:37 +0800] "GET /favicon.ico HTTP/1.1" 200 167
::1 - - [20/May/2018:09:48:45 +0800] "GET / HTTP/1.1" 200 251
::1 - - [20/May/2018:09:48:45 +0800] "GET /favicon.ico HTTP/1.1" 200 47
::1 - - [20/May/2018:09:48:46 +0800] "GET / HTTP/1.1" 200 251
::1 - - [20/May/2018:09:48:46 +0800] "GET /favicon.ico HTTP/1.1" 200 47
::1 - - [20/May/2018:09:48:46 +0800] "GET / HTTP/1.1" 200 251
::1 - - [20/May/2018:09:48:46 +0800] "GET /favicon.ico HTTP/1.1" 200 47
::1 - - [20/May/2018:09:48:46 +0800] "GET / HTTP/1.1" 200 251
::1 - - [20/May/2018:09:48:46 +0800] "GET /favicon.ico HTTP/1.1" 200 47
::1 - - [20/May/2018:09:48:46 +0800] "GET / HTTP/1.1" 200 251
::1 - - [20/May/2018:09:48:46 +0800] "GET /favicon.ico HTTP/1.1" 200 47
::1 - - [20/May/2018:09:48:50 +0800] "GET / HTTP/1.1" 200 251
::1 - - [20/May/2018:09:48:50 +0800] "GET /favicon.ico HTTP/1.1" 200 47
::1 - - [20/May/2018:09:48:50 +0800] "GET / HTTP/1.1" 200 251
::1 - - [20/May/2018:09:48:50 +0800] "GET /favicon.ico HTTP/1.1" 200 47
::1 - - [20/May/2018:09:48:50 +0800] "GET / HTTP/1.1" 200 251
::1 - - [20/May/2018:09:48:50 +0800] "GET /favicon.ico HTTP/1.1" 200 47
::1 - - [20/May/2018:09:48:58 +0800] "GET / HTTP/1.1" 200 1722
::1 - - [20/May/2018:09:48:58 +0800] "GET /favicon.ico HTTP/1.1" 200 47
::1 - - [20/May/2018:09:49:27 +0800] "GET / HTTP/1.1" 200 1761
::1 - - [20/May/2018:09:49:27 +0800] "GET / HTTP/1.1" 200 1761
::1 - - [20/May/2018:09:49:27 +0800] "GET /favicon.ico HTTP/1.1" 200 47
::1 - - [20/May/2018:09:50:03 +0800] "GET /home HTTP/1.1" 200 1761
::1 - - [20/May/2018:09:50:04 +0800] "GET /home/index HTTP/1.1" 200 1761
::1 - - [20/May/2018:09:50:04 +0800] "GET /favicon.ico HTTP/1.1" 200 47
::1 - - [20/May/2018:09:50:12 +0800] "GET /favicon.ico HTTP/1.1" 200 47
::1 - - [20/May/2018:09:50:35 +0800] "GET /home HTTP/1.1" 200 1761
::1 - - [20/May/2018:09:50:35 +0800] "GET /favicon.ico HTTP/1.1" 200 47
::1 - - [20/May/2018:09:51:35 +0800] "-" 408 -
::1 - - [20/May/2018:09:52:45 +0800] "GET /home HTTP/1.1" 200 1702
::1 - - [20/May/2018:09:52:45 +0800] "GET /favicon.ico HTTP/1.1" 200 47
::1 - - [20/May/2018:09:52:45 +0800] "GET /home HTTP/1.1" 200 1702
::1 - - [20/May/2018:09:52:45 +0800] "GET /favicon.ico HTTP/1.1" 200 47
::1 - - [20/May/2018:09:52:46 +0800] "GET /home HTTP/1.1" 200 1702
::1 - - [20/May/2018:09:52:46 +0800] "GET /favicon.ico HTTP/1.1" 200 47
::1 - - [20/May/2018:09:52:46 +0800] "GET /home HTTP/1.1" 200 1702
::1 - - [20/May/2018:09:52:46 +0800] "GET /favicon.ico HTTP/1.1" 200 47
::1 - - [20/May/2018:09:52:47 +0800] "GET /home HTTP/1.1" 200 1702
::1 - - [20/May/2018:09:52:47 +0800] "GET /favicon.ico HTTP/1.1" 200 47
::1 - - [20/May/2018:09:52:48 +0800] "GET /home HTTP/1.1" 200 1702
::1 - - [20/May/2018:09:52:48 +0800] "GET /favicon.ico HTTP/1.1" 200 47
::1 - - [20/May/2018:09:52:48 +0800] "GET /home HTTP/1.1" 200 1702
::1 - - [20/May/2018:09:52:48 +0800] "GET /favicon.ico HTTP/1.1" 200 47
::1 - - [20/May/2018:09:52:55 +0800] "GET /home HTTP/1.1" 200 1635
::1 - - [20/May/2018:09:52:55 +0800] "GET /favicon.ico HTTP/1.1" 200 47
::1 - - [20/May/2018:09:52:55 +0800] "GET /home HTTP/1.1" 200 1635
::1 - - [20/May/2018:09:52:55 +0800] "GET /favicon.ico HTTP/1.1" 200 47
::1 - - [20/May/2018:09:52:55 +0800] "GET /home HTTP/1.1" 200 1635
::1 - - [20/May/2018:09:52:55 +0800] "GET /favicon.ico HTTP/1.1" 200 47
::1 - - [20/May/2018:09:52:56 +0800] "GET /home HTTP/1.1" 200 1635
::1 - - [20/May/2018:09:52:56 +0800] "GET /favicon.ico HTTP/1.1" 200 47
::1 - - [20/May/2018:09:52:56 +0800] "GET /home HTTP/1.1" 200 1635
::1 - - [20/May/2018:09:52:56 +0800] "GET /favicon.ico HTTP/1.1" 200 47
::1 - - [20/May/2018:09:52:56 +0800] "GET /home HTTP/1.1" 200 1635
::1 - - [20/May/2018:09:52:56 +0800] "GET /favicon.ico HTTP/1.1" 200 47
::1 - - [20/May/2018:09:52:57 +0800] "GET / HTTP/1.1" 200 1630
::1 - - [20/May/2018:09:52:58 +0800] "GET /favicon.ico HTTP/1.1" 200 47
::1 - - [20/May/2018:09:52:58 +0800] "GET / HTTP/1.1" 200 1630
::1 - - [20/May/2018:09:52:58 +0800] "GET /favicon.ico HTTP/1.1" 200 47
::1 - - [20/May/2018:09:52:58 +0800] "GET / HTTP/1.1" 200 1630
::1 - - [20/May/2018:09:52:59 +0800] "GET /favicon.ico HTTP/1.1" 200 47
::1 - - [20/May/2018:09:52:59 +0800] "GET / HTTP/1.1" 200 1630
::1 - - [20/May/2018:09:52:59 +0800] "GET /favicon.ico HTTP/1.1" 200 47
::1 - - [20/May/2018:09:52:59 +0800] "GET / HTTP/1.1" 200 1630
::1 - - [20/May/2018:09:52:59 +0800] "GET /favicon.ico HTTP/1.1" 200 47
::1 - - [20/May/2018:09:52:59 +0800] "GET / HTTP/1.1" 200 1630
::1 - - [20/May/2018:09:52:59 +0800] "GET /favicon.ico HTTP/1.1" 200 47
::1 - - [20/May/2018:09:53:00 +0800] "GET / HTTP/1.1" 200 1630
::1 - - [20/May/2018:09:53:00 +0800] "GET /favicon.ico HTTP/1.1" 200 47
::1 - - [20/May/2018:09:53:03 +0800] "GET /home HTTP/1.1" 200 1635
::1 - - [20/May/2018:09:53:03 +0800] "GET /favicon.ico HTTP/1.1" 200 47
::1 - - [20/May/2018:09:53:07 +0800] "GET /home/index HTTP/1.1" 200 1635
::1 - - [20/May/2018:09:53:07 +0800] "GET /favicon.ico HTTP/1.1" 200 47
::1 - - [20/May/2018:09:53:11 +0800] "GET /home/index/history HTTP/1.1" 200 946
::1 - - [20/May/2018:09:53:12 +0800] "GET /Resource/Media/Music/Victory.mp3 HTTP/1.1" 206 1
::1 - - [20/May/2018:09:53:12 +0800] "GET /favicon.ico HTTP/1.1" 200 47
::1 - - [20/May/2018:09:53:18 +0800] "GET /favicon.ico HTTP/1.1" 200 47
::1 - - [20/May/2018:09:53:23 +0800] "GET /index/history.html HTTP/1.1" 200 941
::1 - - [20/May/2018:09:53:24 +0800] "GET /Resource/Media/Music/Victory.mp3 HTTP/1.1" 206 1
::1 - - [20/May/2018:09:53:24 +0800] "GET /favicon.ico HTTP/1.1" 200 47
::1 - - [20/May/2018:09:53:25 +0800] "GET /index/history.html HTTP/1.1" 200 941
::1 - - [20/May/2018:09:53:25 +0800] "GET /Resource/Media/Music/Victory.mp3 HTTP/1.1" 206 1
::1 - - [20/May/2018:09:53:25 +0800] "GET /favicon.ico HTTP/1.1" 200 47
::1 - - [20/May/2018:09:53:25 +0800] "GET /index/history.html HTTP/1.1" 200 941
::1 - - [20/May/2018:09:53:25 +0800] "GET /Resource/Media/Music/Victory.mp3 HTTP/1.1" 206 1
::1 - - [20/May/2018:09:53:25 +0800] "GET /favicon.ico HTTP/1.1" 200 47
::1 - - [20/May/2018:09:53:26 +0800] "GET /index/history.html HTTP/1.1" 200 941
::1 - - [20/May/2018:09:53:26 +0800] "GET /Resource/Media/Music/Victory.mp3 HTTP/1.1" 206 1
::1 - - [20/May/2018:09:53:26 +0800] "GET /favicon.ico HTTP/1.1" 200 47
::1 - - [20/May/2018:09:55:19 +0800] "GET /index/history.html HTTP/1.1" 200 857
::1 - - [20/May/2018:09:55:19 +0800] "GET /Resource/Media/Music/Victory.mp3 HTTP/1.1" 206 1
::1 - - [20/May/2018:09:55:19 +0800] "GET /favicon.ico HTTP/1.1" 200 47
::1 - - [20/May/2018:09:55:19 +0800] "GET /index/history.html HTTP/1.1" 200 857
::1 - - [20/May/2018:09:55:19 +0800] "GET /Resource/Media/Music/Victory.mp3 HTTP/1.1" 206 1
::1 - - [20/May/2018:09:55:19 +0800] "GET /favicon.ico HTTP/1.1" 200 47
::1 - - [20/May/2018:09:55:20 +0800] "GET /index/history.html HTTP/1.1" 200 857
::1 - - [20/May/2018:09:55:20 +0800] "GET /Resource/Media/Music/Victory.mp3 HTTP/1.1" 206 1
::1 - - [20/May/2018:09:55:20 +0800] "GET /favicon.ico HTTP/1.1" 200 47
::1 - - [20/May/2018:09:55:22 +0800] "GET /index/ HTTP/1.1" 200 1546
::1 - - [20/May/2018:09:55:22 +0800] "GET /favicon.ico HTTP/1.1" 200 47
::1 - - [20/May/2018:09:55:23 +0800] "GET /index/ HTTP/1.1" 200 1546
::1 - - [20/May/2018:09:55:23 +0800] "GET /favicon.ico HTTP/1.1" 200 47
::1 - - [20/May/2018:09:55:24 +0800] "GET /index/ HTTP/1.1" 200 1546
::1 - - [20/May/2018:09:55:24 +0800] "GET /favicon.ico HTTP/1.1" 200 47
::1 - - [20/May/2018:09:55:24 +0800] "GET /index/ HTTP/1.1" 200 1546
::1 - - [20/May/2018:09:55:24 +0800] "GET /favicon.ico HTTP/1.1" 200 47
::1 - - [20/May/2018:09:55:44 +0800] "GET /index/ HTTP/1.1" 200 1547
::1 - - [20/May/2018:09:55:44 +0800] "GET /favicon.ico HTTP/1.1" 200 47
::1 - - [20/May/2018:09:55:45 +0800] "GET /index/ HTTP/1.1" 200 1547
::1 - - [20/May/2018:09:55:45 +0800] "GET /favicon.ico HTTP/1.1" 200 47
::1 - - [20/May/2018:09:56:15 +0800] "GET /index/ HTTP/1.1" 200 44
::1 - - [20/May/2018:09:56:15 +0800] "GET /favicon.ico HTTP/1.1" 200 47
::1 - - [20/May/2018:09:56:16 +0800] "GET /index/ HTTP/1.1" 200 44
::1 - - [20/May/2018:09:56:16 +0800] "GET /favicon.ico HTTP/1.1" 200 47
::1 - - [20/May/2018:09:56:24 +0800] "GET /index/ HTTP/1.1" 200 1547
::1 - - [20/May/2018:09:56:24 +0800] "GET /favicon.ico HTTP/1.1" 200 47
::1 - - [20/May/2018:09:56:25 +0800] "GET /index/ HTTP/1.1" 200 1547
::1 - - [20/May/2018:09:56:25 +0800] "GET /favicon.ico HTTP/1.1" 200 47
::1 - - [20/May/2018:09:56:25 +0800] "GET /index/ HTTP/1.1" 200 1547
::1 - - [20/May/2018:09:56:25 +0800] "GET /favicon.ico HTTP/1.1" 200 47
::1 - - [20/May/2018:09:56:25 +0800] "GET /index/ HTTP/1.1" 200 1547
::1 - - [20/May/2018:09:56:25 +0800] "GET /favicon.ico HTTP/1.1" 200 47
::1 - - [20/May/2018:09:56:25 +0800] "GET /index/ HTTP/1.1" 200 1547
::1 - - [20/May/2018:09:56:25 +0800] "GET /favicon.ico HTTP/1.1" 200 47
::1 - - [20/May/2018:09:56:29 +0800] "GET /index/ HTTP/1.1" 200 1547
::1 - - [20/May/2018:09:56:29 +0800] "GET /favicon.ico HTTP/1.1" 200 47
::1 - - [20/May/2018:09:56:29 +0800] "GET /index/ HTTP/1.1" 200 1547
::1 - - [20/May/2018:09:56:29 +0800] "GET /favicon.ico HTTP/1.1" 200 47
::1 - - [20/May/2018:09:56:29 +0800] "GET /index/ HTTP/1.1" 200 1547
::1 - - [20/May/2018:09:56:29 +0800] "GET /favicon.ico HTTP/1.1" 200 47
::1 - - [20/May/2018:09:56:29 +0800] "GET /index/ HTTP/1.1" 200 1547
::1 - - [20/May/2018:09:56:29 +0800] "GET /favicon.ico HTTP/1.1" 200 47
::1 - - [20/May/2018:09:56:29 +0800] "GET /index/ HTTP/1.1" 200 1547
::1 - - [20/May/2018:09:56:29 +0800] "GET /favicon.ico HTTP/1.1" 200 47
::1 - - [20/May/2018:09:56:31 +0800] "GET / HTTP/1.1" 200 1547
::1 - - [20/May/2018:09:56:32 +0800] "GET /favicon.ico HTTP/1.1" 200 47
::1 - - [20/May/2018:09:56:33 +0800] "GET / HTTP/1.1" 200 1547
::1 - - [20/May/2018:09:56:33 +0800] "GET /favicon.ico HTTP/1.1" 200 47
::1 - - [20/May/2018:09:56:33 +0800] "GET / HTTP/1.1" 200 1547
::1 - - [20/May/2018:09:56:33 +0800] "GET /favicon.ico HTTP/1.1" 200 47
::1 - - [20/May/2018:09:56:34 +0800] "GET / HTTP/1.1" 200 1547
::1 - - [20/May/2018:09:56:35 +0800] "GET /favicon.ico HTTP/1.1" 200 47
::1 - - [20/May/2018:09:56:35 +0800] "GET / HTTP/1.1" 200 1547
::1 - - [20/May/2018:09:56:35 +0800] "GET /favicon.ico HTTP/1.1" 200 47
::1 - - [20/May/2018:09:56:35 +0800] "GET / HTTP/1.1" 200 1547
::1 - - [20/May/2018:09:56:35 +0800] "GET /favicon.ico HTTP/1.1" 200 47
::1 - - [20/May/2018:09:56:35 +0800] "GET / HTTP/1.1" 200 1547
::1 - - [20/May/2018:09:56:35 +0800] "GET /favicon.ico HTTP/1.1" 200 47
::1 - - [20/May/2018:09:56:35 +0800] "GET / HTTP/1.1" 200 1547
::1 - - [20/May/2018:09:56:36 +0800] "GET /favicon.ico HTTP/1.1" 200 47
::1 - - [20/May/2018:09:56:36 +0800] "GET / HTTP/1.1" 200 1547
::1 - - [20/May/2018:09:56:36 +0800] "GET /favicon.ico HTTP/1.1" 200 47
::1 - - [20/May/2018:09:57:29 +0800] "-" 408 -
::1 - - [20/May/2018:09:57:49 +0800] "GET / HTTP/1.1" 200 1547
::1 - - [20/May/2018:09:57:49 +0800] "GET /favicon.ico HTTP/1.1" 200 47
::1 - - [20/May/2018:09:57:49 +0800] "GET / HTTP/1.1" 200 1547
::1 - - [20/May/2018:09:57:49 +0800] "GET /favicon.ico HTTP/1.1" 200 47
::1 - - [20/May/2018:09:57:50 +0800] "GET / HTTP/1.1" 200 1547
::1 - - [20/May/2018:09:57:50 +0800] "GET /favicon.ico HTTP/1.1" 200 47
::1 - - [20/May/2018:09:57:50 +0800] "GET / HTTP/1.1" 200 1547
::1 - - [20/May/2018:09:57:50 +0800] "GET /favicon.ico HTTP/1.1" 200 47
::1 - - [20/May/2018:09:57:50 +0800] "GET / HTTP/1.1" 200 1547
::1 - - [20/May/2018:09:57:50 +0800] "GET /favicon.ico HTTP/1.1" 200 47
::1 - - [20/May/2018:10:03:44 +0800] "GET / HTTP/1.1" 200 1547
::1 - - [20/May/2018:10:03:45 +0800] "GET /favicon.ico HTTP/1.1" 200 47
::1 - - [20/May/2018:10:03:46 +0800] "GET / HTTP/1.1" 200 1547
::1 - - [20/May/2018:10:03:46 +0800] "GET /favicon.ico HTTP/1.1" 200 47
::1 - - [20/May/2018:10:03:47 +0800] "GET / HTTP/1.1" 200 1547
::1 - - [20/May/2018:10:03:47 +0800] "GET /favicon.ico HTTP/1.1" 200 47
::1 - - [20/May/2018:10:04:44 +0800] "-" 408 -
::1 - - [20/May/2018:10:04:44 +0800] "-" 408 -
::1 - - [20/May/2018:21:43:24 +0800] "GET / HTTP/1.1" 200 1547
::1 - - [20/May/2018:21:43:23 +0800] "GET / HTTP/1.1" 200 1547
::1 - - [20/May/2018:21:43:24 +0800] "GET /favicon.ico HTTP/1.1" 200 47
::1 - - [20/May/2018:21:43:26 +0800] "GET / HTTP/1.1" 200 1547
::1 - - [20/May/2018:21:43:26 +0800] "GET /favicon.ico HTTP/1.1" 200 47
::1 - - [20/May/2018:21:43:26 +0800] "GET / HTTP/1.1" 200 1547
::1 - - [20/May/2018:21:43:26 +0800] "GET /favicon.ico HTTP/1.1" 200 47
::1 - - [20/May/2018:21:43:27 +0800] "GET / HTTP/1.1" 200 1547
::1 - - [20/May/2018:21:43:27 +0800] "GET /favicon.ico HTTP/1.1" 200 47
::1 - - [20/May/2018:21:45:17 +0800] "GET / HTTP/1.1" 200 1547
::1 - - [20/May/2018:21:45:18 +0800] "GET /favicon.ico HTTP/1.1" 200 47
::1 - - [27/May/2018:22:34:43 +0800] "GET /home/index HTTP/1.1" 200 1547
::1 - - [27/May/2018:22:34:44 +0800] "GET /favicon.ico HTTP/1.1" 200 47
