[Fri Jun 09 00:29:44.294089 2017] [php7:crit] [pid 13636:tid 1256] [client ::1:55097] PHP Parse error:  syntax error, unexpected '0' (T_LNUMBER), expecting ',' or ')' in E:\\WorkSpace\\Php\\Origin_Ver_0_1\\Apply\\Home\\Controller\\IndexController.class.php on line 37
[Fri Jun 09 09:39:22.537925 2017] [php7:error] [pid 13636:tid 1256] [client ::1:56076] PHP Fatal error:  Uncaught Error: Call to undefined function Origin\\debugger_print() in E:\\WorkSpace\\Php\\Origin_Ver_0_1\\Origin\\Application\\Controller.class.php:91\nStack trace:\n#0 E:\\WorkSpace\\Php\\Origin_Ver_0_1\\Apply\\Home\\Controller\\IndexController.class.php(18): Origin\\Controller->param('title', 'Origin\\xE6\\x9E\\xB6\\xE6\\x9E\\x84\\xE5\\xBC\\x80...')\n#1 E:\\WorkSpace\\Php\\Origin_Ver_0_1\\Origin\\Method\\Common\\Entrance.func.php(127): Apply\\Home\\Controller\\IndexController->__construct()\n#2 E:\\WorkSpace\\Php\\Origin_Ver_0_1\\Origin\\Method\\Common\\Entrance.func.php(43): path()\n#3 E:\\WorkSpace\\Php\\Origin_Ver_0_1\\Origin\\Method\\Common\\Entrance.func.php(241): Entrance()\n#4 E:\\WorkSpace\\Php\\Origin_Ver_0_1\\Origin\\Method\\Function.php(230): include_once('E:\\\\WorkSpace\\\\Ph...')\n#5 E:\\WorkSpace\\Php\\Origin_Ver_0_1\\Origin\\Method\\Function.php(294): Hook('Origin:Method:C...', 'func')\n#6 E:\\WorkSpace\\Php\\Origin_Ver_0_1\\Origin\\Method\\Function.php(397): Import('Function:Entran...')\n#7 E:\\WorkSpace\\Php\\Origin_Ver_0_1\\Origin\\Door.php(54): include('E:\\\\WorkSpace\\\\ in E:\\WorkSpace\\Php\\Origin_Ver_0_1\\Origin\\Application\\Controller.class.php on line 91
[Mon Jul 03 17:14:46.483668 2017] [php7:error] [pid 5316:tid 1204] [client ::1:58636] PHP Fatal error:  Cannot initialize libui: error initializing libui: registering utility window class; code 1410 (0x00000582) \xe7\xb1\xbb\xe5\xb7\xb2\xe5\xad\x98\xe5\x9c\xa8\xe3\x80\x82\r\n in Unknown on line 0
[Mon Jul 03 17:14:46.559429 2017] [php7:error] [pid 5316:tid 1204] [client ::1:58636] PHP Fatal error:  Cannot initialize libui: error initializing libui: registering utility window class; code 1410 (0x00000582) \xe7\xb1\xbb\xe5\xb7\xb2\xe5\xad\x98\xe5\x9c\xa8\xe3\x80\x82\r\n in Unknown on line 0, referer: http://localhost:8083/
[Fri Oct 20 13:32:40.481817 2017] [php7:error] [pid 5028:tid 1404] [client ::1:52674] PHP Fatal error:  Cannot declare class Origin\\Kernel\\Parameter\\Validate, because the name is already in use in E:\\WorkSpace\\Php\\Origin_Ver_0_1\\Origin\\Kernel\\Parameter\\Validate.class.php on line 26
[Fri Oct 20 13:32:40.553873 2017] [php7:error] [pid 5028:tid 1404] [client ::1:52674] PHP Fatal error:  Cannot declare class Origin\\Kernel\\Parameter\\Validate, because the name is already in use in E:\\WorkSpace\\Php\\Origin_Ver_0_1\\Origin\\Kernel\\Parameter\\Validate.class.php on line 26, referer: http://localhost:8083/
[Fri Oct 20 13:34:58.393416 2017] [php7:error] [pid 5028:tid 1424] [client ::1:52764] PHP Fatal error:  Cannot declare class Origin\\Kernel\\Parameter\\Validate, because the name is already in use in E:\\WorkSpace\\Php\\Origin_Ver_0_1\\Origin\\Kernel\\Parameter\\Validate.class.php on line 26
[Fri Oct 20 13:34:58.463608 2017] [php7:error] [pid 5028:tid 1424] [client ::1:52764] PHP Fatal error:  Cannot declare class Origin\\Kernel\\Parameter\\Validate, because the name is already in use in E:\\WorkSpace\\Php\\Origin_Ver_0_1\\Origin\\Kernel\\Parameter\\Validate.class.php on line 26, referer: http://localhost:8083/
[Fri Oct 20 13:35:21.173835 2017] [php7:error] [pid 5028:tid 1404] [client ::1:52777] PHP Fatal error:  Cannot declare class Origin\\Kernel\\Parameter\\Validate, because the name is already in use in E:\\WorkSpace\\Php\\Origin_Ver_0_1\\Origin\\Kernel\\Parameter\\Validate.class.php on line 26
[Fri Oct 20 13:35:21.221453 2017] [php7:error] [pid 5028:tid 1404] [client ::1:52777] PHP Fatal error:  Cannot declare class Origin\\Kernel\\Parameter\\Validate, because the name is already in use in E:\\WorkSpace\\Php\\Origin_Ver_0_1\\Origin\\Kernel\\Parameter\\Validate.class.php on line 26, referer: http://localhost:8083/
[Fri Oct 20 15:52:33.209212 2017] [php7:error] [pid 5028:tid 1424] [client ::1:53770] PHP Fatal error:  Cannot declare class Origin\\Kernel\\Parameter\\Validate, because the name is already in use in E:\\WorkSpace\\Php\\Origin_Ver_0_1\\Origin\\Kernel\\Parameter\\Validate.class.php on line 26
[Fri Oct 20 15:52:33.288936 2017] [php7:error] [pid 5028:tid 1424] [client ::1:53770] PHP Fatal error:  Cannot declare class Origin\\Kernel\\Parameter\\Validate, because the name is already in use in E:\\WorkSpace\\Php\\Origin_Ver_0_1\\Origin\\Kernel\\Parameter\\Validate.class.php on line 26, referer: http://localhost:8083/
[Fri Oct 20 15:53:20.410332 2017] [php7:error] [pid 5028:tid 1404] [client ::1:53872] PHP Fatal error:  Cannot declare class Origin\\Kernel\\Parameter\\Validate, because the name is already in use in E:\\WorkSpace\\Php\\Origin_Ver_0_1\\Origin\\Kernel\\Parameter\\Validate.class.php on line 26, referer: http://localhost:8083/
[Fri Oct 20 15:56:47.045226 2017] [php7:error] [pid 5028:tid 1416] [client ::1:53953] PHP Fatal error:  Cannot declare class Origin\\Kernel\\Parameter\\Validate, because the name is already in use in E:\\WorkSpace\\Php\\Origin_Ver_0_1\\Origin\\Kernel\\Parameter\\Validate.class.php on line 26
[Fri Oct 20 15:56:47.140059 2017] [php7:error] [pid 5028:tid 1416] [client ::1:53953] PHP Fatal error:  Cannot declare class Origin\\Kernel\\Parameter\\Validate, because the name is already in use in E:\\WorkSpace\\Php\\Origin_Ver_0_1\\Origin\\Kernel\\Parameter\\Validate.class.php on line 26, referer: http://localhost:8083/
[Fri Oct 20 15:56:48.019447 2017] [php7:error] [pid 5028:tid 1416] [client ::1:53953] PHP Fatal error:  Cannot declare class Origin\\Kernel\\Parameter\\Validate, because the name is already in use in E:\\WorkSpace\\Php\\Origin_Ver_0_1\\Origin\\Kernel\\Parameter\\Validate.class.php on line 26
[Fri Oct 20 15:56:48.078138 2017] [php7:error] [pid 5028:tid 1416] [client ::1:53953] PHP Fatal error:  Cannot declare class Origin\\Kernel\\Parameter\\Validate, because the name is already in use in E:\\WorkSpace\\Php\\Origin_Ver_0_1\\Origin\\Kernel\\Parameter\\Validate.class.php on line 26, referer: http://localhost:8083/
[Fri Oct 20 16:06:17.607754 2017] [php7:warn] [pid 5028:tid 1424] [client ::1:61297] PHP Warning:  array_key_exists() expects parameter 2 to be array, null given in E:\\WorkSpace\\Php\\Origin_Ver_0_1\\Origin\\Method\\Function.php on line 113
[Fri Oct 20 16:06:17.607754 2017] [php7:warn] [pid 5028:tid 1424] [client ::1:61297] PHP Warning:  array_key_exists() expects parameter 2 to be array, null given in E:\\WorkSpace\\Php\\Origin_Ver_0_1\\Origin\\Method\\Function.php on line 113
[Fri Oct 20 16:06:17.607754 2017] [php7:warn] [pid 5028:tid 1424] [client ::1:61297] PHP Warning:  array_key_exists() expects parameter 2 to be array, null given in E:\\WorkSpace\\Php\\Origin_Ver_0_1\\Origin\\Method\\Function.php on line 113
[Fri Oct 20 16:06:17.607754 2017] [php7:warn] [pid 5028:tid 1424] [client ::1:61297] PHP Warning:  array_key_exists() expects parameter 2 to be array, null given in E:\\WorkSpace\\Php\\Origin_Ver_0_1\\Origin\\Method\\Function.php on line 113
[Fri Oct 20 16:06:17.608756 2017] [php7:warn] [pid 5028:tid 1424] [client ::1:61297] PHP Warning:  array_key_exists() expects parameter 2 to be array, null given in E:\\WorkSpace\\Php\\Origin_Ver_0_1\\Origin\\Method\\Function.php on line 113
[Fri Oct 20 16:06:17.608756 2017] [php7:warn] [pid 5028:tid 1424] [client ::1:61297] PHP Warning:  array_key_exists() expects parameter 2 to be array, null given in E:\\WorkSpace\\Php\\Origin_Ver_0_1\\Origin\\Method\\Function.php on line 113
[Fri Oct 20 16:06:17.609759 2017] [php7:warn] [pid 5028:tid 1424] [client ::1:61297] PHP Warning:  array_key_exists() expects parameter 2 to be array, null given in E:\\WorkSpace\\Php\\Origin_Ver_0_1\\Origin\\Method\\Function.php on line 113
[Fri Oct 20 16:06:17.609759 2017] [php7:warn] [pid 5028:tid 1424] [client ::1:61297] PHP Warning:  array_key_exists() expects parameter 2 to be array, null given in E:\\WorkSpace\\Php\\Origin_Ver_0_1\\Origin\\Method\\Function.php on line 113
[Fri Oct 20 16:06:17.610763 2017] [php7:warn] [pid 5028:tid 1424] [client ::1:61297] PHP Warning:  array_key_exists() expects parameter 2 to be array, null given in E:\\WorkSpace\\Php\\Origin_Ver_0_1\\Origin\\Method\\Function.php on line 113
[Fri Oct 20 16:06:17.611766 2017] [php7:warn] [pid 5028:tid 1424] [client ::1:61297] PHP Warning:  array_key_exists() expects parameter 2 to be array, null given in E:\\WorkSpace\\Php\\Origin_Ver_0_1\\Origin\\Method\\Function.php on line 113
[Fri Oct 20 16:06:17.611766 2017] [php7:warn] [pid 5028:tid 1424] [client ::1:61297] PHP Warning:  array_key_exists() expects parameter 2 to be array, null given in E:\\WorkSpace\\Php\\Origin_Ver_0_1\\Origin\\Method\\Function.php on line 113
[Fri Oct 20 16:06:17.622824 2017] [php7:warn] [pid 5028:tid 1424] [client ::1:61297] PHP Warning:  array_key_exists() expects parameter 2 to be array, null given in E:\\WorkSpace\\Php\\Origin_Ver_0_1\\Origin\\Method\\Function.php on line 113
[Fri Oct 20 16:06:17.668978 2017] [php7:warn] [pid 5028:tid 1424] [client ::1:61297] PHP Warning:  array_key_exists() expects parameter 2 to be array, null given in E:\\WorkSpace\\Php\\Origin_Ver_0_1\\Origin\\Method\\Function.php on line 113, referer: http://localhost:8083/
[Fri Oct 20 16:06:17.668978 2017] [php7:warn] [pid 5028:tid 1424] [client ::1:61297] PHP Warning:  array_key_exists() expects parameter 2 to be array, null given in E:\\WorkSpace\\Php\\Origin_Ver_0_1\\Origin\\Method\\Function.php on line 113, referer: http://localhost:8083/
[Fri Oct 20 16:06:17.668978 2017] [php7:warn] [pid 5028:tid 1424] [client ::1:61297] PHP Warning:  array_key_exists() expects parameter 2 to be array, null given in E:\\WorkSpace\\Php\\Origin_Ver_0_1\\Origin\\Method\\Function.php on line 113, referer: http://localhost:8083/
[Fri Oct 20 16:06:17.668978 2017] [php7:warn] [pid 5028:tid 1424] [client ::1:61297] PHP Warning:  array_key_exists() expects parameter 2 to be array, null given in E:\\WorkSpace\\Php\\Origin_Ver_0_1\\Origin\\Method\\Function.php on line 113, referer: http://localhost:8083/
[Fri Oct 20 16:06:17.668978 2017] [php7:warn] [pid 5028:tid 1424] [client ::1:61297] PHP Warning:  array_key_exists() expects parameter 2 to be array, null given in E:\\WorkSpace\\Php\\Origin_Ver_0_1\\Origin\\Method\\Function.php on line 113, referer: http://localhost:8083/
[Fri Oct 20 16:06:17.668978 2017] [php7:warn] [pid 5028:tid 1424] [client ::1:61297] PHP Warning:  array_key_exists() expects parameter 2 to be array, null given in E:\\WorkSpace\\Php\\Origin_Ver_0_1\\Origin\\Method\\Function.php on line 113, referer: http://localhost:8083/
[Fri Oct 20 16:06:17.668978 2017] [php7:warn] [pid 5028:tid 1424] [client ::1:61297] PHP Warning:  array_key_exists() expects parameter 2 to be array, null given in E:\\WorkSpace\\Php\\Origin_Ver_0_1\\Origin\\Method\\Function.php on line 113, referer: http://localhost:8083/
[Fri Oct 20 16:06:17.668978 2017] [php7:warn] [pid 5028:tid 1424] [client ::1:61297] PHP Warning:  array_key_exists() expects parameter 2 to be array, null given in E:\\WorkSpace\\Php\\Origin_Ver_0_1\\Origin\\Method\\Function.php on line 113, referer: http://localhost:8083/
[Fri Oct 20 16:06:17.669980 2017] [php7:warn] [pid 5028:tid 1424] [client ::1:61297] PHP Warning:  array_key_exists() expects parameter 2 to be array, null given in E:\\WorkSpace\\Php\\Origin_Ver_0_1\\Origin\\Method\\Function.php on line 113, referer: http://localhost:8083/
[Fri Oct 20 16:06:17.669980 2017] [php7:warn] [pid 5028:tid 1424] [client ::1:61297] PHP Warning:  array_key_exists() expects parameter 2 to be array, null given in E:\\WorkSpace\\Php\\Origin_Ver_0_1\\Origin\\Method\\Function.php on line 113, referer: http://localhost:8083/
[Fri Oct 20 16:06:17.669980 2017] [php7:warn] [pid 5028:tid 1424] [client ::1:61297] PHP Warning:  array_key_exists() expects parameter 2 to be array, null given in E:\\WorkSpace\\Php\\Origin_Ver_0_1\\Origin\\Method\\Function.php on line 113, referer: http://localhost:8083/
[Fri Oct 20 16:06:17.674139 2017] [php7:warn] [pid 5028:tid 1424] [client ::1:61297] PHP Warning:  array_key_exists() expects parameter 2 to be array, null given in E:\\WorkSpace\\Php\\Origin_Ver_0_1\\Origin\\Method\\Function.php on line 113, referer: http://localhost:8083/
[Fri Oct 20 16:06:42.836906 2017] [php7:warn] [pid 5028:tid 1416] [client ::1:61332] PHP Warning:  array_key_exists() expects parameter 2 to be array, null given in E:\\WorkSpace\\Php\\Origin_Ver_0_1\\Origin\\Method\\Function.php on line 113
[Fri Oct 20 16:06:42.837970 2017] [php7:warn] [pid 5028:tid 1416] [client ::1:61332] PHP Warning:  array_key_exists() expects parameter 2 to be array, null given in E:\\WorkSpace\\Php\\Origin_Ver_0_1\\Origin\\Method\\Function.php on line 113
[Fri Oct 20 16:06:42.837970 2017] [php7:warn] [pid 5028:tid 1416] [client ::1:61332] PHP Warning:  array_key_exists() expects parameter 2 to be array, null given in E:\\WorkSpace\\Php\\Origin_Ver_0_1\\Origin\\Method\\Function.php on line 113
[Fri Oct 20 16:06:42.837970 2017] [php7:warn] [pid 5028:tid 1416] [client ::1:61332] PHP Warning:  array_key_exists() expects parameter 2 to be array, null given in E:\\WorkSpace\\Php\\Origin_Ver_0_1\\Origin\\Method\\Function.php on line 113
[Fri Oct 20 16:06:42.837970 2017] [php7:warn] [pid 5028:tid 1416] [client ::1:61332] PHP Warning:  array_key_exists() expects parameter 2 to be array, null given in E:\\WorkSpace\\Php\\Origin_Ver_0_1\\Origin\\Method\\Function.php on line 113
[Fri Oct 20 16:06:42.837970 2017] [php7:warn] [pid 5028:tid 1416] [client ::1:61332] PHP Warning:  array_key_exists() expects parameter 2 to be array, null given in E:\\WorkSpace\\Php\\Origin_Ver_0_1\\Origin\\Method\\Function.php on line 113
[Fri Oct 20 16:06:42.837970 2017] [php7:warn] [pid 5028:tid 1416] [client ::1:61332] PHP Warning:  array_key_exists() expects parameter 2 to be array, null given in E:\\WorkSpace\\Php\\Origin_Ver_0_1\\Origin\\Method\\Function.php on line 113
[Fri Oct 20 16:06:42.837970 2017] [php7:warn] [pid 5028:tid 1416] [client ::1:61332] PHP Warning:  array_key_exists() expects parameter 2 to be array, null given in E:\\WorkSpace\\Php\\Origin_Ver_0_1\\Origin\\Method\\Function.php on line 113
[Fri Oct 20 16:06:42.837970 2017] [php7:warn] [pid 5028:tid 1416] [client ::1:61332] PHP Warning:  array_key_exists() expects parameter 2 to be array, null given in E:\\WorkSpace\\Php\\Origin_Ver_0_1\\Origin\\Method\\Function.php on line 113
[Fri Oct 20 16:06:42.838906 2017] [php7:warn] [pid 5028:tid 1416] [client ::1:61332] PHP Warning:  array_key_exists() expects parameter 2 to be array, null given in E:\\WorkSpace\\Php\\Origin_Ver_0_1\\Origin\\Method\\Function.php on line 113
[Fri Oct 20 16:06:42.838906 2017] [php7:warn] [pid 5028:tid 1416] [client ::1:61332] PHP Warning:  array_key_exists() expects parameter 2 to be array, null given in E:\\WorkSpace\\Php\\Origin_Ver_0_1\\Origin\\Method\\Function.php on line 113
[Fri Oct 20 16:06:42.841913 2017] [php7:warn] [pid 5028:tid 1416] [client ::1:61332] PHP Warning:  array_key_exists() expects parameter 2 to be array, null given in E:\\WorkSpace\\Php\\Origin_Ver_0_1\\Origin\\Method\\Function.php on line 113
[Fri Oct 20 16:06:42.876512 2017] [php7:warn] [pid 5028:tid 1416] [client ::1:61332] PHP Warning:  array_key_exists() expects parameter 2 to be array, null given in E:\\WorkSpace\\Php\\Origin_Ver_0_1\\Origin\\Method\\Function.php on line 113, referer: http://localhost:8083/
[Fri Oct 20 16:06:42.876512 2017] [php7:warn] [pid 5028:tid 1416] [client ::1:61332] PHP Warning:  array_key_exists() expects parameter 2 to be array, null given in E:\\WorkSpace\\Php\\Origin_Ver_0_1\\Origin\\Method\\Function.php on line 113, referer: http://localhost:8083/
[Fri Oct 20 16:06:42.876512 2017] [php7:warn] [pid 5028:tid 1416] [client ::1:61332] PHP Warning:  array_key_exists() expects parameter 2 to be array, null given in E:\\WorkSpace\\Php\\Origin_Ver_0_1\\Origin\\Method\\Function.php on line 113, referer: http://localhost:8083/
[Fri Oct 20 16:06:42.876512 2017] [php7:warn] [pid 5028:tid 1416] [client ::1:61332] PHP Warning:  array_key_exists() expects parameter 2 to be array, null given in E:\\WorkSpace\\Php\\Origin_Ver_0_1\\Origin\\Method\\Function.php on line 113, referer: http://localhost:8083/
[Fri Oct 20 16:06:42.876512 2017] [php7:warn] [pid 5028:tid 1416] [client ::1:61332] PHP Warning:  array_key_exists() expects parameter 2 to be array, null given in E:\\WorkSpace\\Php\\Origin_Ver_0_1\\Origin\\Method\\Function.php on line 113, referer: http://localhost:8083/
[Fri Oct 20 16:06:42.876512 2017] [php7:warn] [pid 5028:tid 1416] [client ::1:61332] PHP Warning:  array_key_exists() expects parameter 2 to be array, null given in E:\\WorkSpace\\Php\\Origin_Ver_0_1\\Origin\\Method\\Function.php on line 113, referer: http://localhost:8083/
[Fri Oct 20 16:06:42.876512 2017] [php7:warn] [pid 5028:tid 1416] [client ::1:61332] PHP Warning:  array_key_exists() expects parameter 2 to be array, null given in E:\\WorkSpace\\Php\\Origin_Ver_0_1\\Origin\\Method\\Function.php on line 113, referer: http://localhost:8083/
[Fri Oct 20 16:06:42.876512 2017] [php7:warn] [pid 5028:tid 1416] [client ::1:61332] PHP Warning:  array_key_exists() expects parameter 2 to be array, null given in E:\\WorkSpace\\Php\\Origin_Ver_0_1\\Origin\\Method\\Function.php on line 113, referer: http://localhost:8083/
[Fri Oct 20 16:06:42.876512 2017] [php7:warn] [pid 5028:tid 1416] [client ::1:61332] PHP Warning:  array_key_exists() expects parameter 2 to be array, null given in E:\\WorkSpace\\Php\\Origin_Ver_0_1\\Origin\\Method\\Function.php on line 113, referer: http://localhost:8083/
[Fri Oct 20 16:06:42.876512 2017] [php7:warn] [pid 5028:tid 1416] [client ::1:61332] PHP Warning:  array_key_exists() expects parameter 2 to be array, null given in E:\\WorkSpace\\Php\\Origin_Ver_0_1\\Origin\\Method\\Function.php on line 113, referer: http://localhost:8083/
[Fri Oct 20 16:06:42.876512 2017] [php7:warn] [pid 5028:tid 1416] [client ::1:61332] PHP Warning:  array_key_exists() expects parameter 2 to be array, null given in E:\\WorkSpace\\Php\\Origin_Ver_0_1\\Origin\\Method\\Function.php on line 113, referer: http://localhost:8083/
[Fri Oct 20 16:06:42.881533 2017] [php7:warn] [pid 5028:tid 1416] [client ::1:61332] PHP Warning:  array_key_exists() expects parameter 2 to be array, null given in E:\\WorkSpace\\Php\\Origin_Ver_0_1\\Origin\\Method\\Function.php on line 113, referer: http://localhost:8083/
[Fri Oct 20 16:07:28.528021 2017] [php7:error] [pid 5028:tid 1424] [client ::1:61336] PHP Fatal error:  Cannot declare class Origin\\Kernel\\Parameter\\Validate, because the name is already in use in E:\\WorkSpace\\Php\\Origin_Ver_0_1\\Origin\\Kernel\\Parameter\\Validate.class.php on line 26
[Fri Oct 20 16:07:28.562643 2017] [php7:error] [pid 5028:tid 1424] [client ::1:61336] PHP Fatal error:  Cannot declare class Origin\\Kernel\\Parameter\\Validate, because the name is already in use in E:\\WorkSpace\\Php\\Origin_Ver_0_1\\Origin\\Kernel\\Parameter\\Validate.class.php on line 26, referer: http://localhost:8083/
[Fri Oct 20 16:07:29.222835 2017] [php7:error] [pid 5028:tid 1424] [client ::1:61336] PHP Fatal error:  Cannot declare class Origin\\Kernel\\Parameter\\Validate, because the name is already in use in E:\\WorkSpace\\Php\\Origin_Ver_0_1\\Origin\\Kernel\\Parameter\\Validate.class.php on line 26
[Fri Oct 20 16:07:29.264982 2017] [php7:error] [pid 5028:tid 1424] [client ::1:61336] PHP Fatal error:  Cannot declare class Origin\\Kernel\\Parameter\\Validate, because the name is already in use in E:\\WorkSpace\\Php\\Origin_Ver_0_1\\Origin\\Kernel\\Parameter\\Validate.class.php on line 26, referer: http://localhost:8083/
[Fri Oct 20 16:07:29.397074 2017] [php7:error] [pid 5028:tid 1424] [client ::1:61336] PHP Fatal error:  Cannot declare class Origin\\Kernel\\Parameter\\Validate, because the name is already in use in E:\\WorkSpace\\Php\\Origin_Ver_0_1\\Origin\\Kernel\\Parameter\\Validate.class.php on line 26
[Fri Oct 20 16:07:29.429156 2017] [php7:error] [pid 5028:tid 1424] [client ::1:61336] PHP Fatal error:  Cannot declare class Origin\\Kernel\\Parameter\\Validate, because the name is already in use in E:\\WorkSpace\\Php\\Origin_Ver_0_1\\Origin\\Kernel\\Parameter\\Validate.class.php on line 26, referer: http://localhost:8083/
